G:\CODE\棋牌游戏\MAJIANG-MASTER\服务器组件\游戏服务器\RELEASE\GAMESERVER.PCH
G:\CODE\棋牌游戏\MAJIANG-MASTER\服务器组件\游戏服务器\RELEASE\STDAFX.OBJ
G:\CODE\棋牌游戏\MAJIANG-MASTER\服务器组件\游戏服务器\RELEASE\VC110.PDB
G:\CODE\棋牌游戏\MAJIANG-MASTER\服务器组件\游戏服务器\RELEASE\TABLEFRAME.OBJ
G:\CODE\棋牌游戏\MAJIANG-MASTER\服务器组件\游戏服务器\RELEASE\STOCKMANAGER.OBJ
G:\CODE\棋牌游戏\MAJIANG-MASTER\服务器组件\游戏服务器\RELEASE\SERVICEUNITS.OBJ
G:\CODE\棋牌游戏\MAJIANG-MASTER\服务器组件\游戏服务器\RELEASE\SERVERLISTMANAGER.OBJ
G:\CODE\棋牌游戏\MAJIANG-MASTER\服务器组件\游戏服务器\RELEASE\SENSITIVEWORDSFILTER.OBJ
G:\CODE\棋牌游戏\MAJIANG-MASTER\服务器组件\游戏服务器\RELEASE\INITPARAMETER.OBJ
G:\CODE\棋牌游戏\MAJIANG-MASTER\服务器组件\游戏服务器\RELEASE\GAMESERVERDLG.OBJ
G:\CODE\棋牌游戏\MAJIANG-MASTER\服务器组件\游戏服务器\RELEASE\GAMESERVER.OBJ
G:\CODE\棋牌游戏\MAJIANG-MASTER\服务器组件\游戏服务器\RELEASE\DISTRIBUTEMANAGER.OBJ
G:\CODE\棋牌游戏\MAJIANG-MASTER\服务器组件\游戏服务器\RELEASE\DBCORRESPONDMANAGER.OBJ
G:\CODE\棋牌游戏\MAJIANG-MASTER\服务器组件\游戏服务器\RELEASE\DATABASEENGINESINK.OBJ
G:\CODE\棋牌游戏\MAJIANG-MASTER\服务器组件\游戏服务器\RELEASE\ATTEMPERENGINESINK.OBJ
G:\CODE\棋牌游戏\运行\RELEASE\ANSI\GAMESERVER.EXE
G:\CODE\棋牌游戏\运行\RELEASE\ANSI\GAMESERVER.PDB
G:\CODE\棋牌游戏\MAJIANG-MASTER\服务器组件\游戏服务器\RELEASE\GAMESERVER.RES
G:\code\棋牌游戏\majiang-master\服务器组件\游戏服务器\Release\AttemperEngineSink.obj
G:\code\棋牌游戏\majiang-master\服务器组件\游戏服务器\Release\DataBaseEngineSink.obj
G:\code\棋牌游戏\majiang-master\服务器组件\游戏服务器\Release\DBCorrespondManager.obj
G:\code\棋牌游戏\majiang-master\服务器组件\游戏服务器\Release\DistributeManager.obj
G:\code\棋牌游戏\majiang-master\服务器组件\游戏服务器\Release\GameServer.obj
G:\code\棋牌游戏\majiang-master\服务器组件\游戏服务器\Release\GameServerDlg.obj
G:\code\棋牌游戏\majiang-master\服务器组件\游戏服务器\Release\InitParameter.obj
G:\code\棋牌游戏\majiang-master\服务器组件\游戏服务器\Release\SensitiveWordsFilter.obj
G:\code\棋牌游戏\majiang-master\服务器组件\游戏服务器\Release\ServerListManager.obj
G:\code\棋牌游戏\majiang-master\服务器组件\游戏服务器\Release\ServiceUnits.obj
G:\code\棋牌游戏\majiang-master\服务器组件\游戏服务器\Release\Stdafx.obj
G:\code\棋牌游戏\majiang-master\服务器组件\游戏服务器\Release\StockManager.obj
G:\code\棋牌游戏\majiang-master\服务器组件\游戏服务器\Release\TableFrame.obj
G:\code\棋牌游戏\majiang-master\服务器组件\游戏服务器\Release\msado15.tli
G:\code\棋牌游戏\majiang-master\服务器组件\游戏服务器\Release\msado15.tlh
G:\code\棋牌游戏\majiang-master\服务器组件\游戏服务器\Release\cl.command.1.tlog
G:\code\棋牌游戏\majiang-master\服务器组件\游戏服务器\Release\CL.read.1.tlog
G:\code\棋牌游戏\majiang-master\服务器组件\游戏服务器\Release\CL.write.1.tlog
G:\code\棋牌游戏\majiang-master\服务器组件\游戏服务器\Release\link-cvtres.read.1.tlog
G:\code\棋牌游戏\majiang-master\服务器组件\游戏服务器\Release\link-cvtres.write.1.tlog
G:\code\棋牌游戏\majiang-master\服务器组件\游戏服务器\Release\link-mt.read.1.tlog
G:\code\棋牌游戏\majiang-master\服务器组件\游戏服务器\Release\link-mt.write.1.tlog
G:\code\棋牌游戏\majiang-master\服务器组件\游戏服务器\Release\link-rc.read.1.tlog
G:\code\棋牌游戏\majiang-master\服务器组件\游戏服务器\Release\link-rc.write.1.tlog
G:\code\棋牌游戏\majiang-master\服务器组件\游戏服务器\Release\link.command.1.tlog
G:\code\棋牌游戏\majiang-master\服务器组件\游戏服务器\Release\link.read.1.tlog
G:\code\棋牌游戏\majiang-master\服务器组件\游戏服务器\Release\link.write.1.tlog
G:\code\棋牌游戏\majiang-master\服务器组件\游戏服务器\Release\rc.command.1.tlog
G:\code\棋牌游戏\majiang-master\服务器组件\游戏服务器\Release\rc.read.1.tlog
G:\code\棋牌游戏\majiang-master\服务器组件\游戏服务器\Release\rc.write.1.tlog
G:\code\棋牌游戏\majiang-master\服务器组件\游戏服务器\Release\GameServer.res
G:\code\棋牌游戏\majiang-master\服务器组件\游戏服务器\Release\GameServer.pch
G:\code\棋牌游戏\majiang-master\服务器组件\游戏服务器\Release\vc110.pdb
G:\code\棋牌游戏\majiang-master\服务器组件\游戏服务器\../../../运行/Release/Ansi/GameServer.exe
