生成启动时间为 2017/6/10 15:50:23。
     1>项目“G:\code\棋牌游戏\majiang-master\服务器组件\游戏服务器\GameServer.vcxproj”在节点 2 上(Build 个目标)。
     1>Link:
         E:\Program Files\VS2012\VC\bin\link.exe /ERRORREPORT:PROMPT /OUT:"../../../运行/Release/Ansi/GameServer.exe" /INCREMENTAL:NO /NOLOGO /MANIFEST /MANIFESTUAC:"level='asInvoker' uiAccess='false'" /manifest:embed /manifestinput:"E:\Program Files\VS2012\VC\Include\Manifest\dpiaware.manifest" /DEBUG /PDB:"../../../运行/Release/Ansi/GameServer.pdb" /SUBSYSTEM:WINDOWS /OPT:REF /OPT:ICF /TLBID:1 /DYNAMICBASE /NXCOMPAT /IMPLIB:"../../../运行/Release/Ansi/GameServer.lib" /MACHINE:X86 /SAFESEH Release\GameServer.res
         Release\AttemperEngineSink.obj
         Release\DataBaseEngineSink.obj
         Release\DBCorrespondManager.obj
         Release\DistributeManager.obj
         Release\GameServer.obj
         Release\GameServerDlg.obj
         Release\InitParameter.obj
         Release\SensitiveWordsFilter.obj
         Release\ServerListManager.obj
         Release\ServiceUnits.obj
         Release\Stdafx.obj
         Release\StockManager.obj
         Release\TableFrame.obj
         "G:\code\棋牌游戏\majiang-master\链接库\Ansi\ServiceCore.lib"
         "G:\code\棋牌游戏\majiang-master\链接库\Ansi\ModuleManager.lib"
         "G:\code\棋牌游戏\majiang-master\链接库\Ansi\GameService.lib"
         GameServer.vcxproj -> G:\code\棋牌游戏\majiang-master\服务器组件\游戏服务器\../../../运行/Release/Ansi/GameServer.exe
     1>已完成生成项目“G:\code\棋牌游戏\majiang-master\服务器组件\游戏服务器\GameServer.vcxproj”(Build 个目标)的操作。

生成成功。

已用时间 00:00:00.77
