G:\CODE\棋牌游戏\MAJIANG-MASTER\服务器组件\私人场服务\RELEASE\PRIVATESERVICE.PCH
G:\CODE\棋牌游戏\MAJIANG-MASTER\服务器组件\私人场服务\RELEASE\STDAFX.OBJ
G:\CODE\棋牌游戏\MAJIANG-MASTER\服务器组件\私人场服务\RELEASE\VC110.PDB
G:\CODE\棋牌游戏\MAJIANG-MASTER\服务器组件\私人场服务\RELEASE\CTABLEFRAMEPRIVATE.OBJ
G:\CODE\棋牌游戏\MAJIANG-MASTER\服务器组件\私人场服务\RELEASE\PRIVATETABLEINFO.OBJ
G:\CODE\棋牌游戏\MAJIANG-MASTER\服务器组件\私人场服务\RELEASE\PRIVATESERVICEMANAGER.OBJ
G:\CODE\棋牌游戏\MAJIANG-MASTER\服务器组件\私人场服务\RELEASE\PRIVATEGAME.OBJ
G:\CODE\棋牌游戏\MAJIANG-MASTER\服务器组件\私人场服务\RELEASE\GAMEPRIVATESERVER.OBJ
G:\CODE\棋牌游戏\MAJIANG-MASTER\服务器组件\私人场服务\RELEASE\FANGKAHTTPUNITS.OBJ
G:\CODE\棋牌游戏\运行\RELEASE\ANSI\PRIVATESERVICE.DLL
G:\CODE\棋牌游戏\运行\RELEASE\ANSI\PRIVATESERVICE.PDB
G:\CODE\棋牌游戏\MAJIANG-MASTER\服务器组件\私人场服务\RELEASE\GAMEPRIVATESERVER.RES
G:\code\棋牌游戏\运行\Release\Ansi\MatchService.lib
G:\code\棋牌游戏\运行\Release\Ansi\MatchService.exp
G:\code\棋牌游戏\majiang-master\服务器组件\私人场服务\Release\CTableFramePrivate.obj
G:\code\棋牌游戏\majiang-master\服务器组件\私人场服务\Release\FangKaHttpUnits.obj
G:\code\棋牌游戏\majiang-master\服务器组件\私人场服务\Release\GamePrivateServer.obj
G:\code\棋牌游戏\majiang-master\服务器组件\私人场服务\Release\PrivateGame.obj
G:\code\棋牌游戏\majiang-master\服务器组件\私人场服务\Release\PrivateServiceManager.obj
G:\code\棋牌游戏\majiang-master\服务器组件\私人场服务\Release\PrivateTableInfo.obj
G:\code\棋牌游戏\majiang-master\服务器组件\私人场服务\Release\Stdafx.obj
G:\code\棋牌游戏\majiang-master\服务器组件\私人场服务\Release\msado15.tli
G:\code\棋牌游戏\majiang-master\服务器组件\私人场服务\Release\msado15.tlh
G:\code\棋牌游戏\majiang-master\服务器组件\私人场服务\Release\cl.command.1.tlog
G:\code\棋牌游戏\majiang-master\服务器组件\私人场服务\Release\CL.read.1.tlog
G:\code\棋牌游戏\majiang-master\服务器组件\私人场服务\Release\CL.write.1.tlog
G:\code\棋牌游戏\majiang-master\服务器组件\私人场服务\Release\link-cvtres.read.1.tlog
G:\code\棋牌游戏\majiang-master\服务器组件\私人场服务\Release\link-cvtres.write.1.tlog
G:\code\棋牌游戏\majiang-master\服务器组件\私人场服务\Release\link-mt.read.1.tlog
G:\code\棋牌游戏\majiang-master\服务器组件\私人场服务\Release\link-mt.write.1.tlog
G:\code\棋牌游戏\majiang-master\服务器组件\私人场服务\Release\link-rc.read.1.tlog
G:\code\棋牌游戏\majiang-master\服务器组件\私人场服务\Release\link-rc.write.1.tlog
G:\code\棋牌游戏\majiang-master\服务器组件\私人场服务\Release\link.command.1.tlog
G:\code\棋牌游戏\majiang-master\服务器组件\私人场服务\Release\link.read.1.tlog
G:\code\棋牌游戏\majiang-master\服务器组件\私人场服务\Release\link.write.1.tlog
G:\code\棋牌游戏\majiang-master\服务器组件\私人场服务\Release\rc.command.1.tlog
G:\code\棋牌游戏\majiang-master\服务器组件\私人场服务\Release\rc.read.1.tlog
G:\code\棋牌游戏\majiang-master\服务器组件\私人场服务\Release\rc.write.1.tlog
G:\code\棋牌游戏\majiang-master\服务器组件\私人场服务\Release\私人场服务.write.1.tlog
G:\code\棋牌游戏\majiang-master\服务器组件\私人场服务\Release\GamePrivateServer.res
G:\code\棋牌游戏\majiang-master\服务器组件\私人场服务\Release\PrivateService.pch
G:\code\棋牌游戏\majiang-master\服务器组件\私人场服务\Release\vc110.pdb
G:\code\棋牌游戏\majiang-master\服务器组件\私人场服务\../../../运行/Release/Ansi/PrivateService.dll
