生成启动时间为 2016/7/5 20:55:26。
     1>项目“D:\闲来服务器\系统模块\客户端组件\形象组件\AvatarControl.vcxproj”在节点 4 上(Build 个目标)。
     1>ClCompile:
         C:\Program Files (x86)\Microsoft Visual Studio 11.0\VC\bin\CL.exe /c /ZI /nologo /W3 /WX- /Od /Oy- /D WIN32 /D _WINDOWS /D _DEBUG /D _AFXEXT /D AVATAR_CONTROL_DLL /D _WINDLL /D _MBCS /D _AFXDLL /Gm /EHsc /RTC1 /MDd /GS /fp:precise /Zc:wchar_t /Zc:forScope /Yc"stdafx.h" /Fp"Debug\AvatarControlD.pch" /Fo"Debug\\" /Fd"Debug\vc110.pdb" /Gd /TP /analyze- /errorReport:prompt Stdafx.cpp
         Stdafx.cpp
         C:\Program Files (x86)\Microsoft Visual Studio 11.0\VC\bin\CL.exe /c /ZI /nologo /W3 /WX- /Od /Oy- /D WIN32 /D _WINDOWS /D _DEBUG /D _AFXEXT /D AVATAR_CONTROL_DLL /D _WINDLL /D _MBCS /D _AFXDLL /Gm /EHsc /RTC1 /MDd /GS /fp:precise /Zc:wchar_t /Zc:forScope /Yu"stdafx.h" /Fp"Debug\AvatarControlD.pch" /Fo"Debug\\" /Fd"Debug\vc110.pdb" /Gd /TP /analyze- /errorReport:prompt AvatarControl.cpp CameraControl.cpp CustomFaceManager.cpp FaceCustomControl.cpp FaceItemControl.cpp FaceItemView.cpp FaceSelectControl.cpp ImageEditorControl.cpp ImageItemControl.cpp
         ImageItemControl.cpp
         ImageEditorControl.cpp
         FaceSelectControl.cpp
         FaceItemView.cpp
         FaceItemControl.cpp
         FaceCustomControl.cpp
         CustomFaceManager.cpp
     1>d:\闲来服务器\系统模块\客户端组件\形象组件\customfacemanager.cpp(143): warning C4996: '_snprintf': This function or variable may be unsafe. Consider using _snprintf_s instead. To disable deprecation, use _CRT_SECURE_NO_WARNINGS. See online help for details.
                 c:\program files (x86)\microsoft visual studio 11.0\vc\include\stdio.h(349) : 参见“_snprintf”的声明
     1>d:\闲来服务器\系统模块\客户端组件\形象组件\customfacemanager.cpp(177): warning C4996: '_snprintf': This function or variable may be unsafe. Consider using _snprintf_s instead. To disable deprecation, use _CRT_SECURE_NO_WARNINGS. See online help for details.
                 c:\program files (x86)\microsoft visual studio 11.0\vc\include\stdio.h(349) : 参见“_snprintf”的声明
     1>d:\闲来服务器\系统模块\客户端组件\形象组件\customfacemanager.cpp(181): warning C4996: '_snprintf': This function or variable may be unsafe. Consider using _snprintf_s instead. To disable deprecation, use _CRT_SECURE_NO_WARNINGS. See online help for details.
                 c:\program files (x86)\microsoft visual studio 11.0\vc\include\stdio.h(349) : 参见“_snprintf”的声明
     1>d:\闲来服务器\系统模块\客户端组件\形象组件\customfacemanager.cpp(291): warning C4996: '_snprintf': This function or variable may be unsafe. Consider using _snprintf_s instead. To disable deprecation, use _CRT_SECURE_NO_WARNINGS. See online help for details.
                 c:\program files (x86)\microsoft visual studio 11.0\vc\include\stdio.h(349) : 参见“_snprintf”的声明
         CameraControl.cpp
         AvatarControl.cpp
         正在生成代码...
       ResourceCompile:
         C:\Program Files (x86)\Windows Kits\8.0\bin\x86\rc.exe /D _DEBUG /D _AFXDLL /l"0x0804" /IDebug\ /nologo /fo"Debug\AvatarControl.res" AvatarControl.rc 
       Link:
         C:\Program Files (x86)\Microsoft Visual Studio 11.0\VC\bin\link.exe /ERRORREPORT:PROMPT /OUT:"../../../运行/Debug/Ansi/AvatarControlD.dll" /INCREMENTAL /NOLOGO /DEF:".\AvatarControlD.def" /MANIFEST /MANIFESTUAC:"level='asInvoker' uiAccess='false'" /manifest:embed /manifestinput:"C:\Program Files (x86)\Microsoft Visual Studio 11.0\VC\Include\Manifest\dpiaware.manifest" /DEBUG /PDB:"../../../运行/Debug/Ansi/AvatarControlD.pdb" /SUBSYSTEM:WINDOWS /TLBID:1 /DYNAMICBASE /NXCOMPAT /IMPLIB:"../../链接库/Ansi/AvatarControlD.lib" /MACHINE:X86 /SAFESEH /DLL Debug\AvatarControl.res
         Debug\AvatarControl.obj
         Debug\CameraControl.obj
         Debug\CustomFaceManager.obj
         Debug\FaceCustomControl.obj
         Debug\FaceItemControl.obj
         Debug\FaceItemView.obj
         Debug\FaceSelectControl.obj
         Debug\ImageEditorControl.obj
         Debug\ImageItemControl.obj
         Debug\Stdafx.obj
         "D:\闲来服务器\系统模块\链接库\Ansi\WHImageD.lib"
         "D:\闲来服务器\系统模块\链接库\Ansi\ShareControlD.lib"
         "D:\闲来服务器\系统模块\链接库\Ansi\SkinControlD.lib"
     1>AvatarControl.obj : warning LNK4075: 忽略“/EDITANDCONTINUE”(由于“/SAFESEH”规范)
            正在创建库 ../../链接库/Ansi/AvatarControlD.lib 和对象 ../../链接库/Ansi/AvatarControlD.exp
         AvatarControl.vcxproj -> D:\闲来服务器\系统模块\客户端组件\形象组件\../../../运行/Debug/Ansi/AvatarControlD.dll
       PostBuildEvent:
         mkdir ..\..\..\发布组件\客户端组件\Debug\Ansi
         copy /y ..\..\..\运行\Debug\Ansi\AvatarControlD.dll ..\..\..\发布组件\客户端组件\Debug\Ansi\AvatarControlD.dll
         
         :VCEnd
         子目录或文件 ..\..\..\发布组件\客户端组件\Debug\Ansi 已经存在。
         已复制         1 个文件。
     1>已完成生成项目“D:\闲来服务器\系统模块\客户端组件\形象组件\AvatarControl.vcxproj”(Build 个目标)的操作。

生成成功。

已用时间 00:00:28.58
