生成启动时间为 2016/7/5 20:50:38。
     1>项目“D:\闲来服务器\系统模块\客户端组件\界面控件\SkinControl.vcxproj”在节点 5 上(Build 个目标)。
     1>ClCompile:
         C:\Program Files (x86)\Microsoft Visual Studio 11.0\VC\bin\CL.exe /c /Zi /nologo /W3 /WX- /O2 /Oy- /D WIN32 /D _WINDOWS /D NDEBUG /D _AFXEXT /D SKIN_CONTROL_DLL /D _UNICODE /D _WINDLL /D _UNICODE /D UNICODE /D _AFXDLL /Gm- /EHsc /MD /GS /fp:precise /Zc:wchar_t /Zc:forScope /Yc"stdafx.h" /Fp"Release_Unicode\界面控件.pch" /Fo"Release_Unicode\\" /Fd"Release_Unicode\vc110.pdb" /Gd /TP /analyze- /errorReport:prompt Stdafx.cpp
         Stdafx.cpp
         C:\Program Files (x86)\Microsoft Visual Studio 11.0\VC\bin\CL.exe /c /Zi /nologo /W3 /WX- /O2 /Oy- /D WIN32 /D _WINDOWS /D NDEBUG /D _AFXEXT /D SKIN_CONTROL_DLL /D _UNICODE /D _WINDLL /D _UNICODE /D UNICODE /D _AFXDLL /Gm- /EHsc /MD /GS /fp:precise /Zc:wchar_t /Zc:forScope /Yu"stdafx.h" /Fp"Release_Unicode\界面控件.pch" /Fo"Release_Unicode\\" /Fd"Release_Unicode\vc110.pdb" /Gd /TP /analyze- /errorReport:prompt SkinButton.cpp SkinComboBox.cpp SkinControl.cpp SkinDialog.cpp SkinEdit.cpp SkinEncircle.cpp SkinHyperLink.cpp SkinListCtrl.cpp SkinMenu.cpp SkinRenderManager.cpp SkinResourceManager.cpp SkinRichEdit.cpp SkinScrollBar.cpp SkinSplitter.cpp SkinTabCtrl.cpp
         SkinButton.cpp
         SkinComboBox.cpp
         SkinControl.cpp
         SkinDialog.cpp
         SkinEdit.cpp
         SkinEncircle.cpp
         SkinHyperLink.cpp
         SkinListCtrl.cpp
         SkinMenu.cpp
         SkinRenderManager.cpp
         SkinResourceManager.cpp
         SkinRichEdit.cpp
         SkinScrollBar.cpp
         SkinSplitter.cpp
         SkinTabCtrl.cpp
         正在生成代码...
       ResourceCompile:
         C:\Program Files (x86)\Windows Kits\8.0\bin\x86\rc.exe /D NDEBUG /D _UNICODE /D UNICODE /D _AFXDLL /l"0x0804" /IRelease_Unicode\ /nologo /fo"Release_Unicode\SkinControl.res" SkinControl.rc 
     1>C:\Program Files (x86)\MSBuild\Microsoft.Cpp\v4.0\V110\Microsoft.CppBuild.targets(1137,5): warning MSB8012: TargetPath(D:\闲来服务器\系统模块\客户端组件\界面控件\Release_Unicode\界面控件.dll) does not match the Linker's OutputFile property value (D:\闲来服务器\运行\Release\Unicode\SkinControl.dll). This may cause your project to build incorrectly. To correct this, please make sure that $(OutDir), $(TargetName) and $(TargetExt) property values match the value specified in %(Link.OutputFile).
     1>C:\Program Files (x86)\MSBuild\Microsoft.Cpp\v4.0\V110\Microsoft.CppBuild.targets(1139,5): warning MSB8012: TargetName(界面控件) does not match the Linker's OutputFile property value (SkinControl). This may cause your project to build incorrectly. To correct this, please make sure that $(OutDir), $(TargetName) and $(TargetExt) property values match the value specified in %(Link.OutputFile).
       Link:
         C:\Program Files (x86)\Microsoft Visual Studio 11.0\VC\bin\link.exe /ERRORREPORT:PROMPT /OUT:"../../../运行/Release/Unicode/SkinControl.dll" /INCREMENTAL:NO /NOLOGO /DEF:".\SkinControl.def" /MANIFEST /MANIFESTUAC:"level='asInvoker' uiAccess='false'" /manifest:embed /manifestinput:"C:\Program Files (x86)\Microsoft Visual Studio 11.0\VC\Include\Manifest\dpiaware.manifest" /DEBUG /PDB:"Release_Unicode\界面控件.pdb" /SUBSYSTEM:WINDOWS /OPT:REF /OPT:ICF /TLBID:1 /DYNAMICBASE /NXCOMPAT /IMPLIB:"../../链接库/Unicode/SkinControl.lib" /MACHINE:X86 /SAFESEH /DLL Release_Unicode\SkinControl.res
         Release_Unicode\SkinButton.obj
         Release_Unicode\SkinComboBox.obj
         Release_Unicode\SkinControl.obj
         Release_Unicode\SkinDialog.obj
         Release_Unicode\SkinEdit.obj
         Release_Unicode\SkinEncircle.obj
         Release_Unicode\SkinHyperLink.obj
         Release_Unicode\SkinListCtrl.obj
         Release_Unicode\SkinMenu.obj
         Release_Unicode\SkinRenderManager.obj
         Release_Unicode\SkinResourceManager.obj
         Release_Unicode\SkinRichEdit.obj
         Release_Unicode\SkinScrollBar.obj
         Release_Unicode\SkinSplitter.obj
         Release_Unicode\SkinTabCtrl.obj
         Release_Unicode\Stdafx.obj
         "D:\闲来服务器\系统模块\链接库\Unicode\ServiceCore.lib"
         "D:\闲来服务器\系统模块\链接库\Unicode\WHImage.lib"
     1>Detours.lib(detours.obj) : error LNK2026: 模块对于 SAFESEH 映像是不安全的。
     1>Detours.lib(disasm.obj) : error LNK2026: 模块对于 SAFESEH 映像是不安全的。
            正在创建库 ../../链接库/Unicode/SkinControl.lib 和对象 ../../链接库/Unicode/SkinControl.exp
     1>../../../运行/Release/Unicode/SkinControl.dll : fatal error LNK1281: 无法生成 SAFESEH 映像。
     1>已完成生成项目“D:\闲来服务器\系统模块\客户端组件\界面控件\SkinControl.vcxproj”(Build 个目标)的操作 - 失败。

生成失败。

已用时间 00:00:24.19
