生成启动时间为 2016/7/21 17:55:44。
     1>项目“E:\闲来\闲来服务器\闲来服务器\系统模块\服务器组件\模块管理\ModuleManager.vcxproj”在节点 2 上(Build 个目标)。
     1>C:\Program Files (x86)\MSBuild\Microsoft.Cpp\v4.0\V110\Microsoft.CppBuild.targets(1137,5): warning MSB8012: TargetPath(E:\闲来\闲来服务器\闲来服务器\系统模块\服务器组件\模块管理\Release_Unicode\模块管理.dll) does not match the Linker's OutputFile property value (E:\闲来\闲来服务器\闲来服务器\运行\Release\Unicode\ModuleManager.dll). This may cause your project to build incorrectly. To correct this, please make sure that $(OutDir), $(TargetName) and $(TargetExt) property values match the value specified in %(Link.OutputFile).
     1>C:\Program Files (x86)\MSBuild\Microsoft.Cpp\v4.0\V110\Microsoft.CppBuild.targets(1139,5): warning MSB8012: TargetName(模块管理) does not match the Linker's OutputFile property value (ModuleManager). This may cause your project to build incorrectly. To correct this, please make sure that $(OutDir), $(TargetName) and $(TargetExt) property values match the value specified in %(Link.OutputFile).
     1>Link:
         C:\Program Files (x86)\Microsoft Visual Studio 11.0\VC\bin\link.exe /ERRORREPORT:PROMPT /OUT:"../../../运行/Release/Unicode/ModuleManager.dll" /INCREMENTAL:NO /NOLOGO /DEF:".\ModuleManager.def" /MANIFEST /MANIFESTUAC:"level='asInvoker' uiAccess='false'" /manifest:embed /manifestinput:"C:\Program Files (x86)\Microsoft Visual Studio 11.0\VC\Include\Manifest\dpiaware.manifest" /DEBUG /PDB:"Release_Unicode\模块管理.pdb" /SUBSYSTEM:WINDOWS /OPT:REF /OPT:ICF /TLBID:1 /DYNAMICBASE /NXCOMPAT /IMPLIB:"../../链接库/Unicode/ModuleManager.lib" /MACHINE:X86 /SAFESEH /DLL Release_Unicode\ModuleManager.res
         Release_Unicode\DlgServerItem.obj
         Release_Unicode\DlgServerMatch.obj
         Release_Unicode\DlgServerWizard.obj
         Release_Unicode\ListControl.obj
         Release_Unicode\MatchListControl.obj
         Release_Unicode\ModuleDBParameter.obj
         Release_Unicode\ModuleInfoManager.obj
         Release_Unicode\ModuleListControl.obj
         Release_Unicode\ModuleManager.obj
         Release_Unicode\ServerCustomRule.obj
         Release_Unicode\ServerInfoManager.obj
         Release_Unicode\ServerListControl.obj
         Release_Unicode\Stdafx.obj
         "E:\闲来\闲来服务器\闲来服务器\系统模块\链接库\Unicode\ServiceCore.lib"
     1>LINK : fatal error LNK1104: 无法打开文件“../../链接库/Unicode/KernelEngine.lib”
     1>已完成生成项目“E:\闲来\闲来服务器\闲来服务器\系统模块\服务器组件\模块管理\ModuleManager.vcxproj”(Build 个目标)的操作 - 失败。

生成失败。

已用时间 00:00:00.20
