G:\CODE\棋牌游戏\MAJIANG-MASTER\服务器组件\协调服务器\RELEASE\CORRESPOND.PCH
G:\CODE\棋牌游戏\MAJIANG-MASTER\服务器组件\协调服务器\RELEASE\STDAFX.OBJ
G:\CODE\棋牌游戏\MAJIANG-MASTER\服务器组件\协调服务器\RELEASE\VC110.PDB
G:\CODE\棋牌游戏\MAJIANG-MASTER\服务器组件\协调服务器\RELEASE\SERVICEUNITS.OBJ
G:\CODE\棋牌游戏\MAJIANG-MASTER\服务器组件\协调服务器\RELEASE\INITPARAMETER.OBJ
G:\CODE\棋牌游戏\MAJIANG-MASTER\服务器组件\协调服务器\RELEASE\GLOBALINFOMANAGER.OBJ
G:\CODE\棋牌游戏\MAJIANG-MASTER\服务器组件\协调服务器\RELEASE\CORRESPONDSERVERDLG.OBJ
G:\CODE\棋牌游戏\MAJIANG-MASTER\服务器组件\协调服务器\RELEASE\CORRESPONDSERVER.OBJ
G:\CODE\棋牌游戏\MAJIANG-MASTER\服务器组件\协调服务器\RELEASE\ATTEMPERENGINESINK.OBJ
G:\CODE\棋牌游戏\运行\RELEASE\ANSI\CORRESPOND.EXE
G:\CODE\棋牌游戏\运行\RELEASE\ANSI\CORRESPOND.PDB
G:\CODE\棋牌游戏\MAJIANG-MASTER\服务器组件\协调服务器\RELEASE\CORRESPOND.RES
G:\code\棋牌游戏\majiang-master\服务器组件\协调服务器\Release\AttemperEngineSink.obj
G:\code\棋牌游戏\majiang-master\服务器组件\协调服务器\Release\CorrespondServer.obj
G:\code\棋牌游戏\majiang-master\服务器组件\协调服务器\Release\CorrespondServerDlg.obj
G:\code\棋牌游戏\majiang-master\服务器组件\协调服务器\Release\GlobalInfoManager.obj
G:\code\棋牌游戏\majiang-master\服务器组件\协调服务器\Release\InitParameter.obj
G:\code\棋牌游戏\majiang-master\服务器组件\协调服务器\Release\ServiceUnits.obj
G:\code\棋牌游戏\majiang-master\服务器组件\协调服务器\Release\Stdafx.obj
G:\code\棋牌游戏\majiang-master\服务器组件\协调服务器\Release\msado15.tli
G:\code\棋牌游戏\majiang-master\服务器组件\协调服务器\Release\msado15.tlh
G:\code\棋牌游戏\majiang-master\服务器组件\协调服务器\Release\cl.command.1.tlog
G:\code\棋牌游戏\majiang-master\服务器组件\协调服务器\Release\CL.read.1.tlog
G:\code\棋牌游戏\majiang-master\服务器组件\协调服务器\Release\CL.write.1.tlog
G:\code\棋牌游戏\majiang-master\服务器组件\协调服务器\Release\link-cvtres.read.1.tlog
G:\code\棋牌游戏\majiang-master\服务器组件\协调服务器\Release\link-cvtres.write.1.tlog
G:\code\棋牌游戏\majiang-master\服务器组件\协调服务器\Release\link-mt.read.1.tlog
G:\code\棋牌游戏\majiang-master\服务器组件\协调服务器\Release\link-mt.write.1.tlog
G:\code\棋牌游戏\majiang-master\服务器组件\协调服务器\Release\link-rc.read.1.tlog
G:\code\棋牌游戏\majiang-master\服务器组件\协调服务器\Release\link-rc.write.1.tlog
G:\code\棋牌游戏\majiang-master\服务器组件\协调服务器\Release\link.command.1.tlog
G:\code\棋牌游戏\majiang-master\服务器组件\协调服务器\Release\link.read.1.tlog
G:\code\棋牌游戏\majiang-master\服务器组件\协调服务器\Release\link.write.1.tlog
G:\code\棋牌游戏\majiang-master\服务器组件\协调服务器\Release\rc.command.1.tlog
G:\code\棋牌游戏\majiang-master\服务器组件\协调服务器\Release\rc.read.1.tlog
G:\code\棋牌游戏\majiang-master\服务器组件\协调服务器\Release\rc.write.1.tlog
G:\code\棋牌游戏\majiang-master\服务器组件\协调服务器\Release\Correspond.res
G:\code\棋牌游戏\majiang-master\服务器组件\协调服务器\Release\Correspond.pch
G:\code\棋牌游戏\majiang-master\服务器组件\协调服务器\Release\vc110.pdb
G:\code\棋牌游戏\majiang-master\服务器组件\协调服务器\../../../运行/Release/Ansi/Correspond.exe
