D:\闲来服务器\系统模块\服务器组件\比赛服务\DEBUG_UNICODE\MATCHSERVICED.PCH
D:\闲来服务器\系统模块\服务器组件\比赛服务\DEBUG_UNICODE\STDAFX.OBJ
D:\闲来服务器\系统模块\服务器组件\比赛服务\DEBUG_UNICODE\VC110.PDB
D:\闲来服务器\系统模块\服务器组件\比赛服务\DEBUG_UNICODE\DISTRIBUTEMANAGER.OBJ
D:\闲来服务器\系统模块\服务器组件\比赛服务\DEBUG_UNICODE\GAMEMATCHSERVER.OBJ
D:\闲来服务器\系统模块\服务器组件\比赛服务\DEBUG_UNICODE\IMMEDIATEGROUP.OBJ
D:\闲来服务器\系统模块\服务器组件\比赛服务\DEBUG_UNICODE\IMMEDIATEMATCH.OBJ
D:\闲来服务器\系统模块\服务器组件\比赛服务\DEBUG_UNICODE\MATCHSERVICEMANAGER.OBJ
D:\闲来服务器\系统模块\服务器组件\比赛服务\DEBUG_UNICODE\TABLEFRAMEHOOK.OBJ
D:\闲来服务器\系统模块\服务器组件\比赛服务\Debug_Unicode\DistributeManager.obj
D:\闲来服务器\系统模块\服务器组件\比赛服务\Debug_Unicode\GameMatchServer.obj
D:\闲来服务器\系统模块\服务器组件\比赛服务\Debug_Unicode\ImmediateGroup.obj
D:\闲来服务器\系统模块\服务器组件\比赛服务\Debug_Unicode\ImmediateMatch.obj
D:\闲来服务器\系统模块\服务器组件\比赛服务\Debug_Unicode\MatchServiceManager.obj
D:\闲来服务器\系统模块\服务器组件\比赛服务\Debug_Unicode\Stdafx.obj
D:\闲来服务器\系统模块\服务器组件\比赛服务\Debug_Unicode\TableFrameHook.obj
D:\闲来服务器\系统模块\服务器组件\比赛服务\Debug_Unicode\msado15.tli
D:\闲来服务器\系统模块\服务器组件\比赛服务\Debug_Unicode\msado15.tlh
D:\闲来服务器\系统模块\服务器组件\比赛服务\Debug_Unicode\cl.command.1.tlog
D:\闲来服务器\系统模块\服务器组件\比赛服务\Debug_Unicode\CL.read.1.tlog
D:\闲来服务器\系统模块\服务器组件\比赛服务\Debug_Unicode\CL.write.1.tlog
D:\闲来服务器\系统模块\服务器组件\比赛服务\Debug_Unicode\MatchServiceD.pch
D:\闲来服务器\系统模块\服务器组件\比赛服务\Debug_Unicode\vc110.idb
D:\闲来服务器\系统模块\服务器组件\比赛服务\Debug_Unicode\vc110.pdb
