生成启动时间为 2016/7/7 12:30:04。
     1>项目“D:\闲来服务器\系统模块\客户端组件\游戏道具\GameProperty.vcxproj”在节点 5 上(Build 个目标)。
     1>ClCompile:
         C:\Program Files (x86)\Microsoft Visual Studio 11.0\VC\bin\CL.exe /c /ZI /nologo /W3 /WX- /Od /Oy- /D WIN32 /D _WINDOWS /D _DEBUG /D _AFXEXT /D GAME_PROPERTY_DLL /D _UNICODE /D _WINDLL /D _UNICODE /D UNICODE /D _AFXDLL /Gm /EHsc /RTC1 /MDd /GS /fp:precise /Zc:wchar_t /Zc:forScope /Yc"stdafx.h" /Fp"Debug_Unicode\游戏道具.pch" /Fo"Debug_Unicode\\" /Fd"Debug_Unicode\vc110.pdb" /Gd /TP /analyze- /errorReport:prompt Stdafx.cpp
         Stdafx.cpp
         C:\Program Files (x86)\Microsoft Visual Studio 11.0\VC\bin\CL.exe /c /ZI /nologo /W3 /WX- /Od /Oy- /D WIN32 /D _WINDOWS /D _DEBUG /D _AFXEXT /D GAME_PROPERTY_DLL /D _UNICODE /D _WINDLL /D _UNICODE /D UNICODE /D _AFXDLL /Gm /EHsc /RTC1 /MDd /GS /fp:precise /Zc:wchar_t /Zc:forScope /Yu"stdafx.h" /Fp"Debug_Unicode\游戏道具.pch" /Fo"Debug_Unicode\\" /Fd"Debug_Unicode\vc110.pdb" /Gd /TP /analyze- /errorReport:prompt DlgBuyProperty.cpp DlgTrumpetItem.cpp GamePropertyCtrl.cpp GamePropertyDll.cpp GamePropertyItem.cpp GamePropertyManager.cpp
         GamePropertyManager.cpp
         GamePropertyItem.cpp
     1>d:\闲来服务器\系统模块\客户端组件\游戏道具\gamepropertyitem.cpp(83): warning C4996: '_snwprintf': This function or variable may be unsafe. Consider using _snwprintf_s instead. To disable deprecation, use _CRT_SECURE_NO_WARNINGS. See online help for details.
                 c:\program files (x86)\microsoft visual studio 11.0\vc\include\wchar.h(730) : 参见“_snwprintf”的声明
     1>d:\闲来服务器\系统模块\客户端组件\游戏道具\gamepropertyitem.cpp(129): warning C4996: '_snwprintf': This function or variable may be unsafe. Consider using _snwprintf_s instead. To disable deprecation, use _CRT_SECURE_NO_WARNINGS. See online help for details.
                 c:\program files (x86)\microsoft visual studio 11.0\vc\include\wchar.h(730) : 参见“_snwprintf”的声明
     1>d:\闲来服务器\系统模块\客户端组件\游戏道具\gamepropertyitem.cpp(175): warning C4996: '_snwprintf': This function or variable may be unsafe. Consider using _snwprintf_s instead. To disable deprecation, use _CRT_SECURE_NO_WARNINGS. See online help for details.
                 c:\program files (x86)\microsoft visual studio 11.0\vc\include\wchar.h(730) : 参见“_snwprintf”的声明
     1>d:\闲来服务器\系统模块\客户端组件\游戏道具\gamepropertyitem.cpp(221): warning C4996: '_snwprintf': This function or variable may be unsafe. Consider using _snwprintf_s instead. To disable deprecation, use _CRT_SECURE_NO_WARNINGS. See online help for details.
                 c:\program files (x86)\microsoft visual studio 11.0\vc\include\wchar.h(730) : 参见“_snwprintf”的声明
     1>d:\闲来服务器\系统模块\客户端组件\游戏道具\gamepropertyitem.cpp(267): warning C4996: '_snwprintf': This function or variable may be unsafe. Consider using _snwprintf_s instead. To disable deprecation, use _CRT_SECURE_NO_WARNINGS. See online help for details.
                 c:\program files (x86)\microsoft visual studio 11.0\vc\include\wchar.h(730) : 参见“_snwprintf”的声明
     1>d:\闲来服务器\系统模块\客户端组件\游戏道具\gamepropertyitem.cpp(313): warning C4996: '_snwprintf': This function or variable may be unsafe. Consider using _snwprintf_s instead. To disable deprecation, use _CRT_SECURE_NO_WARNINGS. See online help for details.
                 c:\program files (x86)\microsoft visual studio 11.0\vc\include\wchar.h(730) : 参见“_snwprintf”的声明
     1>d:\闲来服务器\系统模块\客户端组件\游戏道具\gamepropertyitem.cpp(359): warning C4996: '_snwprintf': This function or variable may be unsafe. Consider using _snwprintf_s instead. To disable deprecation, use _CRT_SECURE_NO_WARNINGS. See online help for details.
                 c:\program files (x86)\microsoft visual studio 11.0\vc\include\wchar.h(730) : 参见“_snwprintf”的声明
     1>d:\闲来服务器\系统模块\客户端组件\游戏道具\gamepropertyitem.cpp(405): warning C4996: '_snwprintf': This function or variable may be unsafe. Consider using _snwprintf_s instead. To disable deprecation, use _CRT_SECURE_NO_WARNINGS. See online help for details.
                 c:\program files (x86)\microsoft visual studio 11.0\vc\include\wchar.h(730) : 参见“_snwprintf”的声明
     1>d:\闲来服务器\系统模块\客户端组件\游戏道具\gamepropertyitem.cpp(451): warning C4996: '_snwprintf': This function or variable may be unsafe. Consider using _snwprintf_s instead. To disable deprecation, use _CRT_SECURE_NO_WARNINGS. See online help for details.
                 c:\program files (x86)\microsoft visual studio 11.0\vc\include\wchar.h(730) : 参见“_snwprintf”的声明
     1>d:\闲来服务器\系统模块\客户端组件\游戏道具\gamepropertyitem.cpp(497): warning C4996: '_snwprintf': This function or variable may be unsafe. Consider using _snwprintf_s instead. To disable deprecation, use _CRT_SECURE_NO_WARNINGS. See online help for details.
                 c:\program files (x86)\microsoft visual studio 11.0\vc\include\wchar.h(730) : 参见“_snwprintf”的声明
     1>d:\闲来服务器\系统模块\客户端组件\游戏道具\gamepropertyitem.cpp(543): warning C4996: '_snwprintf': This function or variable may be unsafe. Consider using _snwprintf_s instead. To disable deprecation, use _CRT_SECURE_NO_WARNINGS. See online help for details.
                 c:\program files (x86)\microsoft visual studio 11.0\vc\include\wchar.h(730) : 参见“_snwprintf”的声明
     1>d:\闲来服务器\系统模块\客户端组件\游戏道具\gamepropertyitem.cpp(589): warning C4996: '_snwprintf': This function or variable may be unsafe. Consider using _snwprintf_s instead. To disable deprecation, use _CRT_SECURE_NO_WARNINGS. See online help for details.
                 c:\program files (x86)\microsoft visual studio 11.0\vc\include\wchar.h(730) : 参见“_snwprintf”的声明
     1>d:\闲来服务器\系统模块\客户端组件\游戏道具\gamepropertyitem.cpp(635): warning C4996: '_snwprintf': This function or variable may be unsafe. Consider using _snwprintf_s instead. To disable deprecation, use _CRT_SECURE_NO_WARNINGS. See online help for details.
                 c:\program files (x86)\microsoft visual studio 11.0\vc\include\wchar.h(730) : 参见“_snwprintf”的声明
     1>d:\闲来服务器\系统模块\客户端组件\游戏道具\gamepropertyitem.cpp(680): warning C4996: '_snwprintf': This function or variable may be unsafe. Consider using _snwprintf_s instead. To disable deprecation, use _CRT_SECURE_NO_WARNINGS. See online help for details.
                 c:\program files (x86)\microsoft visual studio 11.0\vc\include\wchar.h(730) : 参见“_snwprintf”的声明
     1>d:\闲来服务器\系统模块\客户端组件\游戏道具\gamepropertyitem.cpp(682): warning C4996: '_snwprintf': This function or variable may be unsafe. Consider using _snwprintf_s instead. To disable deprecation, use _CRT_SECURE_NO_WARNINGS. See online help for details.
                 c:\program files (x86)\microsoft visual studio 11.0\vc\include\wchar.h(730) : 参见“_snwprintf”的声明
     1>d:\闲来服务器\系统模块\客户端组件\游戏道具\gamepropertyitem.cpp(727): warning C4996: '_snwprintf': This function or variable may be unsafe. Consider using _snwprintf_s instead. To disable deprecation, use _CRT_SECURE_NO_WARNINGS. See online help for details.
                 c:\program files (x86)\microsoft visual studio 11.0\vc\include\wchar.h(730) : 参见“_snwprintf”的声明
     1>d:\闲来服务器\系统模块\客户端组件\游戏道具\gamepropertyitem.cpp(729): warning C4996: '_snwprintf': This function or variable may be unsafe. Consider using _snwprintf_s instead. To disable deprecation, use _CRT_SECURE_NO_WARNINGS. See online help for details.
                 c:\program files (x86)\microsoft visual studio 11.0\vc\include\wchar.h(730) : 参见“_snwprintf”的声明
     1>d:\闲来服务器\系统模块\客户端组件\游戏道具\gamepropertyitem.cpp(774): warning C4996: '_snwprintf': This function or variable may be unsafe. Consider using _snwprintf_s instead. To disable deprecation, use _CRT_SECURE_NO_WARNINGS. See online help for details.
                 c:\program files (x86)\microsoft visual studio 11.0\vc\include\wchar.h(730) : 参见“_snwprintf”的声明
     1>d:\闲来服务器\系统模块\客户端组件\游戏道具\gamepropertyitem.cpp(776): warning C4996: '_snwprintf': This function or variable may be unsafe. Consider using _snwprintf_s instead. To disable deprecation, use _CRT_SECURE_NO_WARNINGS. See online help for details.
                 c:\program files (x86)\microsoft visual studio 11.0\vc\include\wchar.h(730) : 参见“_snwprintf”的声明
     1>d:\闲来服务器\系统模块\客户端组件\游戏道具\gamepropertyitem.cpp(821): warning C4996: '_snwprintf': This function or variable may be unsafe. Consider using _snwprintf_s instead. To disable deprecation, use _CRT_SECURE_NO_WARNINGS. See online help for details.
                 c:\program files (x86)\microsoft visual studio 11.0\vc\include\wchar.h(730) : 参见“_snwprintf”的声明
     1>d:\闲来服务器\系统模块\客户端组件\游戏道具\gamepropertyitem.cpp(823): warning C4996: '_snwprintf': This function or variable may be unsafe. Consider using _snwprintf_s instead. To disable deprecation, use _CRT_SECURE_NO_WARNINGS. See online help for details.
                 c:\program files (x86)\microsoft visual studio 11.0\vc\include\wchar.h(730) : 参见“_snwprintf”的声明
     1>d:\闲来服务器\系统模块\客户端组件\游戏道具\gamepropertyitem.cpp(867): warning C4996: '_snwprintf': This function or variable may be unsafe. Consider using _snwprintf_s instead. To disable deprecation, use _CRT_SECURE_NO_WARNINGS. See online help for details.
                 c:\program files (x86)\microsoft visual studio 11.0\vc\include\wchar.h(730) : 参见“_snwprintf”的声明
     1>d:\闲来服务器\系统模块\客户端组件\游戏道具\gamepropertyitem.cpp(911): warning C4996: '_snwprintf': This function or variable may be unsafe. Consider using _snwprintf_s instead. To disable deprecation, use _CRT_SECURE_NO_WARNINGS. See online help for details.
                 c:\program files (x86)\microsoft visual studio 11.0\vc\include\wchar.h(730) : 参见“_snwprintf”的声明
     1>d:\闲来服务器\系统模块\客户端组件\游戏道具\gamepropertyitem.cpp(956): warning C4996: '_snwprintf': This function or variable may be unsafe. Consider using _snwprintf_s instead. To disable deprecation, use _CRT_SECURE_NO_WARNINGS. See online help for details.
                 c:\program files (x86)\microsoft visual studio 11.0\vc\include\wchar.h(730) : 参见“_snwprintf”的声明
     1>d:\闲来服务器\系统模块\客户端组件\游戏道具\gamepropertyitem.cpp(958): warning C4996: '_snwprintf': This function or variable may be unsafe. Consider using _snwprintf_s instead. To disable deprecation, use _CRT_SECURE_NO_WARNINGS. See online help for details.
                 c:\program files (x86)\microsoft visual studio 11.0\vc\include\wchar.h(730) : 参见“_snwprintf”的声明
     1>d:\闲来服务器\系统模块\客户端组件\游戏道具\gamepropertyitem.cpp(1003): warning C4996: '_snwprintf': This function or variable may be unsafe. Consider using _snwprintf_s instead. To disable deprecation, use _CRT_SECURE_NO_WARNINGS. See online help for details.
                 c:\program files (x86)\microsoft visual studio 11.0\vc\include\wchar.h(730) : 参见“_snwprintf”的声明
     1>d:\闲来服务器\系统模块\客户端组件\游戏道具\gamepropertyitem.cpp(1005): warning C4996: '_snwprintf': This function or variable may be unsafe. Consider using _snwprintf_s instead. To disable deprecation, use _CRT_SECURE_NO_WARNINGS. See online help for details.
                 c:\program files (x86)\microsoft visual studio 11.0\vc\include\wchar.h(730) : 参见“_snwprintf”的声明
     1>d:\闲来服务器\系统模块\客户端组件\游戏道具\gamepropertyitem.cpp(1051): warning C4996: '_snwprintf': This function or variable may be unsafe. Consider using _snwprintf_s instead. To disable deprecation, use _CRT_SECURE_NO_WARNINGS. See online help for details.
                 c:\program files (x86)\microsoft visual studio 11.0\vc\include\wchar.h(730) : 参见“_snwprintf”的声明
     1>d:\闲来服务器\系统模块\客户端组件\游戏道具\gamepropertyitem.cpp(1053): warning C4996: '_snwprintf': This function or variable may be unsafe. Consider using _snwprintf_s instead. To disable deprecation, use _CRT_SECURE_NO_WARNINGS. See online help for details.
                 c:\program files (x86)\microsoft visual studio 11.0\vc\include\wchar.h(730) : 参见“_snwprintf”的声明
     1>d:\闲来服务器\系统模块\客户端组件\游戏道具\gamepropertyitem.cpp(1098): warning C4996: '_snwprintf': This function or variable may be unsafe. Consider using _snwprintf_s instead. To disable deprecation, use _CRT_SECURE_NO_WARNINGS. See online help for details.
                 c:\program files (x86)\microsoft visual studio 11.0\vc\include\wchar.h(730) : 参见“_snwprintf”的声明
     1>d:\闲来服务器\系统模块\客户端组件\游戏道具\gamepropertyitem.cpp(1100): warning C4996: '_snwprintf': This function or variable may be unsafe. Consider using _snwprintf_s instead. To disable deprecation, use _CRT_SECURE_NO_WARNINGS. See online help for details.
                 c:\program files (x86)\microsoft visual studio 11.0\vc\include\wchar.h(730) : 参见“_snwprintf”的声明
     1>d:\闲来服务器\系统模块\客户端组件\游戏道具\gamepropertyitem.cpp(1145): warning C4996: '_snwprintf': This function or variable may be unsafe. Consider using _snwprintf_s instead. To disable deprecation, use _CRT_SECURE_NO_WARNINGS. See online help for details.
                 c:\program files (x86)\microsoft visual studio 11.0\vc\include\wchar.h(730) : 参见“_snwprintf”的声明
     1>d:\闲来服务器\系统模块\客户端组件\游戏道具\gamepropertyitem.cpp(1147): warning C4996: '_snwprintf': This function or variable may be unsafe. Consider using _snwprintf_s instead. To disable deprecation, use _CRT_SECURE_NO_WARNINGS. See online help for details.
                 c:\program files (x86)\microsoft visual studio 11.0\vc\include\wchar.h(730) : 参见“_snwprintf”的声明
     1>d:\闲来服务器\系统模块\客户端组件\游戏道具\gamepropertyitem.cpp(1192): warning C4996: '_snwprintf': This function or variable may be unsafe. Consider using _snwprintf_s instead. To disable deprecation, use _CRT_SECURE_NO_WARNINGS. See online help for details.
                 c:\program files (x86)\microsoft visual studio 11.0\vc\include\wchar.h(730) : 参见“_snwprintf”的声明
     1>d:\闲来服务器\系统模块\客户端组件\游戏道具\gamepropertyitem.cpp(1194): warning C4996: '_snwprintf': This function or variable may be unsafe. Consider using _snwprintf_s instead. To disable deprecation, use _CRT_SECURE_NO_WARNINGS. See online help for details.
                 c:\program files (x86)\microsoft visual studio 11.0\vc\include\wchar.h(730) : 参见“_snwprintf”的声明
     1>d:\闲来服务器\系统模块\客户端组件\游戏道具\gamepropertyitem.cpp(1239): warning C4996: '_snwprintf': This function or variable may be unsafe. Consider using _snwprintf_s instead. To disable deprecation, use _CRT_SECURE_NO_WARNINGS. See online help for details.
                 c:\program files (x86)\microsoft visual studio 11.0\vc\include\wchar.h(730) : 参见“_snwprintf”的声明
     1>d:\闲来服务器\系统模块\客户端组件\游戏道具\gamepropertyitem.cpp(1241): warning C4996: '_snwprintf': This function or variable may be unsafe. Consider using _snwprintf_s instead. To disable deprecation, use _CRT_SECURE_NO_WARNINGS. See online help for details.
                 c:\program files (x86)\microsoft visual studio 11.0\vc\include\wchar.h(730) : 参见“_snwprintf”的声明
         GamePropertyDll.cpp
         GamePropertyCtrl.cpp
         DlgTrumpetItem.cpp
         DlgBuyProperty.cpp
     1>d:\闲来服务器\系统模块\客户端组件\游戏道具\dlgbuyproperty.cpp(227): warning C4996: '_snwprintf': This function or variable may be unsafe. Consider using _snwprintf_s instead. To disable deprecation, use _CRT_SECURE_NO_WARNINGS. See online help for details.
                 c:\program files (x86)\microsoft visual studio 11.0\vc\include\wchar.h(730) : 参见“_snwprintf”的声明
     1>d:\闲来服务器\系统模块\客户端组件\游戏道具\dlgbuyproperty.cpp(255): warning C4996: '_snwprintf': This function or variable may be unsafe. Consider using _snwprintf_s instead. To disable deprecation, use _CRT_SECURE_NO_WARNINGS. See online help for details.
                 c:\program files (x86)\microsoft visual studio 11.0\vc\include\wchar.h(730) : 参见“_snwprintf”的声明
         正在生成代码...
       ResourceCompile:
         C:\Program Files (x86)\Windows Kits\8.0\bin\x86\rc.exe /D _DEBUG /D _UNICODE /D UNICODE /D _AFXDLL /l"0x0804" /IDebug_Unicode\ /nologo /fo"Debug_Unicode\GameProperty.res" GameProperty.rc 
     1>C:\Program Files (x86)\MSBuild\Microsoft.Cpp\v4.0\V110\Microsoft.CppBuild.targets(1137,5): warning MSB8012: TargetPath(D:\闲来服务器\系统模块\客户端组件\游戏道具\Debug_Unicode\游戏道具.dll) does not match the Linker's OutputFile property value (D:\闲来服务器\运行\Debug\Unicode\GamePropertyD.dll). This may cause your project to build incorrectly. To correct this, please make sure that $(OutDir), $(TargetName) and $(TargetExt) property values match the value specified in %(Link.OutputFile).
     1>C:\Program Files (x86)\MSBuild\Microsoft.Cpp\v4.0\V110\Microsoft.CppBuild.targets(1139,5): warning MSB8012: TargetName(游戏道具) does not match the Linker's OutputFile property value (GamePropertyD). This may cause your project to build incorrectly. To correct this, please make sure that $(OutDir), $(TargetName) and $(TargetExt) property values match the value specified in %(Link.OutputFile).
       Link:
         C:\Program Files (x86)\Microsoft Visual Studio 11.0\VC\bin\link.exe /ERRORREPORT:PROMPT /OUT:"../../../运行/Debug/Unicode/GamePropertyD.dll" /INCREMENTAL /NOLOGO /DEF:".\GamePropertyD.def" /MANIFEST /MANIFESTUAC:"level='asInvoker' uiAccess='false'" /manifest:embed /manifestinput:"C:\Program Files (x86)\Microsoft Visual Studio 11.0\VC\Include\Manifest\dpiaware.manifest" /DEBUG /PDB:"Debug_Unicode\游戏道具.pdb" /SUBSYSTEM:WINDOWS /TLBID:1 /DYNAMICBASE /NXCOMPAT /IMPLIB:"../../链接库/Unicode/GamePropertyD.lib" /MACHINE:X86 /SAFESEH /DLL Debug_Unicode\GameProperty.res
         Debug_Unicode\DlgBuyProperty.obj
         Debug_Unicode\DlgTrumpetItem.obj
         Debug_Unicode\GamePropertyCtrl.obj
         Debug_Unicode\GamePropertyDll.obj
         Debug_Unicode\GamePropertyItem.obj
         Debug_Unicode\GamePropertyManager.obj
         Debug_Unicode\Stdafx.obj
         "D:\闲来服务器\系统模块\链接库\Unicode\ServiceCoreD.lib"
         "D:\闲来服务器\系统模块\链接库\Unicode\WHImageD.lib"
         "D:\闲来服务器\系统模块\链接库\Unicode\SkinControlD.lib"
     1>DlgBuyProperty.obj : warning LNK4075: 忽略“/EDITANDCONTINUE”(由于“/SAFESEH”规范)
     1>LINK : fatal error LNK1104: 无法打开文件“../../链接库/Unicode/ShareControlD.lib”
     1>已完成生成项目“D:\闲来服务器\系统模块\客户端组件\游戏道具\GameProperty.vcxproj”(Build 个目标)的操作 - 失败。

生成失败。

已用时间 00:00:22.19
