生成启动时间为 2017/6/10 11:10:53。
     1>项目“G:\code\棋牌游戏\majiang-master\服务器组件\比赛服务\GameMatchServer.vcxproj”在节点 3 上(Rebuild 个目标)。
     1>ClCompile:
         E:\Program Files\VS2012\VC\bin\CL.exe /c /Zi /nologo /W3 /WX- /O2 /Oy- /D WIN32 /D _WINDOWS /D NDEBUG /D _AFXEXT /D MATCH_SERVICE_DLL /D _WINDLL /D _MBCS /D _AFXDLL /Gm- /EHsc /MD /GS /fp:precise /Zc:wchar_t /Zc:forScope /Yc"stdafx.h" /Fp"Release\MatchService.pch" /Fo"Release\\" /Fd"Release\vc110.pdb" /Gd /TP /analyze- /errorReport:prompt Stdafx.cpp
         Stdafx.cpp
         E:\Program Files\VS2012\VC\bin\CL.exe /c /Zi /nologo /W3 /WX- /O2 /Oy- /D WIN32 /D _WINDOWS /D NDEBUG /D _AFXEXT /D MATCH_SERVICE_DLL /D _WINDLL /D _MBCS /D _AFXDLL /Gm- /EHsc /MD /GS /fp:precise /Zc:wchar_t /Zc:forScope /Yu"stdafx.h" /Fp"Release\MatchService.pch" /Fo"Release\\" /Fd"Release\vc110.pdb" /Gd /TP /analyze- /errorReport:prompt DistributeManager.cpp GameMatchServer.cpp ImmediateGroup.cpp ImmediateMatch.cpp LockTimeMatch.cpp MatchServiceManager.cpp TableFrameHook.cpp
         DistributeManager.cpp
         GameMatchServer.cpp
         ImmediateGroup.cpp
     1>ImmediateGroup.cpp(168): warning C4996: '_snprintf': This function or variable may be unsafe. Consider using _snprintf_s instead. To disable deprecation, use _CRT_SECURE_NO_WARNINGS. See online help for details.
                 E:\Program Files\VS2012\VC\include\stdio.h(349) : 参见“_snprintf”的声明
     1>ImmediateGroup.cpp(361): warning C4996: '_snprintf': This function or variable may be unsafe. Consider using _snprintf_s instead. To disable deprecation, use _CRT_SECURE_NO_WARNINGS. See online help for details.
                 E:\Program Files\VS2012\VC\include\stdio.h(349) : 参见“_snprintf”的声明
     1>ImmediateGroup.cpp(394): warning C4996: '_snprintf': This function or variable may be unsafe. Consider using _snprintf_s instead. To disable deprecation, use _CRT_SECURE_NO_WARNINGS. See online help for details.
                 E:\Program Files\VS2012\VC\include\stdio.h(349) : 参见“_snprintf”的声明
     1>ImmediateGroup.cpp(546): warning C4996: '_snprintf': This function or variable may be unsafe. Consider using _snprintf_s instead. To disable deprecation, use _CRT_SECURE_NO_WARNINGS. See online help for details.
                 E:\Program Files\VS2012\VC\include\stdio.h(349) : 参见“_snprintf”的声明
     1>ImmediateGroup.cpp(574): warning C4996: '_snprintf': This function or variable may be unsafe. Consider using _snprintf_s instead. To disable deprecation, use _CRT_SECURE_NO_WARNINGS. See online help for details.
                 E:\Program Files\VS2012\VC\include\stdio.h(349) : 参见“_snprintf”的声明
     1>ImmediateGroup.cpp(576): warning C4996: '_snprintf': This function or variable may be unsafe. Consider using _snprintf_s instead. To disable deprecation, use _CRT_SECURE_NO_WARNINGS. See online help for details.
                 E:\Program Files\VS2012\VC\include\stdio.h(349) : 参见“_snprintf”的声明
     1>ImmediateGroup.cpp(973): warning C4996: '_snprintf': This function or variable may be unsafe. Consider using _snprintf_s instead. To disable deprecation, use _CRT_SECURE_NO_WARNINGS. See online help for details.
                 E:\Program Files\VS2012\VC\include\stdio.h(349) : 参见“_snprintf”的声明
     1>ImmediateGroup.cpp(974): warning C4996: '_snprintf': This function or variable may be unsafe. Consider using _snprintf_s instead. To disable deprecation, use _CRT_SECURE_NO_WARNINGS. See online help for details.
                 E:\Program Files\VS2012\VC\include\stdio.h(349) : 参见“_snprintf”的声明
     1>ImmediateGroup.cpp(975): warning C4996: '_snprintf': This function or variable may be unsafe. Consider using _snprintf_s instead. To disable deprecation, use _CRT_SECURE_NO_WARNINGS. See online help for details.
                 E:\Program Files\VS2012\VC\include\stdio.h(349) : 参见“_snprintf”的声明
     1>ImmediateGroup.cpp(976): warning C4996: '_snprintf': This function or variable may be unsafe. Consider using _snprintf_s instead. To disable deprecation, use _CRT_SECURE_NO_WARNINGS. See online help for details.
                 E:\Program Files\VS2012\VC\include\stdio.h(349) : 参见“_snprintf”的声明
         ImmediateMatch.cpp
     1>ImmediateMatch.cpp(269): warning C4996: '_snprintf': This function or variable may be unsafe. Consider using _snprintf_s instead. To disable deprecation, use _CRT_SECURE_NO_WARNINGS. See online help for details.
                 E:\Program Files\VS2012\VC\include\stdio.h(349) : 参见“_snprintf”的声明
     1>ImmediateMatch.cpp(612): warning C4996: '_snprintf': This function or variable may be unsafe. Consider using _snprintf_s instead. To disable deprecation, use _CRT_SECURE_NO_WARNINGS. See online help for details.
                 E:\Program Files\VS2012\VC\include\stdio.h(349) : 参见“_snprintf”的声明
     1>ImmediateMatch.cpp(638): warning C4996: '_snprintf': This function or variable may be unsafe. Consider using _snprintf_s instead. To disable deprecation, use _CRT_SECURE_NO_WARNINGS. See online help for details.
                 E:\Program Files\VS2012\VC\include\stdio.h(349) : 参见“_snprintf”的声明
     1>ImmediateMatch.cpp(1230): warning C4996: '_snprintf': This function or variable may be unsafe. Consider using _snprintf_s instead. To disable deprecation, use _CRT_SECURE_NO_WARNINGS. See online help for details.
                 E:\Program Files\VS2012\VC\include\stdio.h(349) : 参见“_snprintf”的声明
     1>ImmediateMatch.cpp(1281): warning C4996: '_snprintf': This function or variable may be unsafe. Consider using _snprintf_s instead. To disable deprecation, use _CRT_SECURE_NO_WARNINGS. See online help for details.
                 E:\Program Files\VS2012\VC\include\stdio.h(349) : 参见“_snprintf”的声明
     1>ImmediateMatch.cpp(1298): warning C4996: '_snprintf': This function or variable may be unsafe. Consider using _snprintf_s instead. To disable deprecation, use _CRT_SECURE_NO_WARNINGS. See online help for details.
                 E:\Program Files\VS2012\VC\include\stdio.h(349) : 参见“_snprintf”的声明
         LockTimeMatch.cpp
     1>LockTimeMatch.cpp(595): warning C4996: '_snprintf': This function or variable may be unsafe. Consider using _snprintf_s instead. To disable deprecation, use _CRT_SECURE_NO_WARNINGS. See online help for details.
                 E:\Program Files\VS2012\VC\include\stdio.h(349) : 参见“_snprintf”的声明
     1>LockTimeMatch.cpp(643): warning C4996: '_snprintf': This function or variable may be unsafe. Consider using _snprintf_s instead. To disable deprecation, use _CRT_SECURE_NO_WARNINGS. See online help for details.
                 E:\Program Files\VS2012\VC\include\stdio.h(349) : 参见“_snprintf”的声明
     1>LockTimeMatch.cpp(674): warning C4996: '_snprintf': This function or variable may be unsafe. Consider using _snprintf_s instead. To disable deprecation, use _CRT_SECURE_NO_WARNINGS. See online help for details.
                 E:\Program Files\VS2012\VC\include\stdio.h(349) : 参见“_snprintf”的声明
     1>LockTimeMatch.cpp(728): warning C4996: '_snprintf': This function or variable may be unsafe. Consider using _snprintf_s instead. To disable deprecation, use _CRT_SECURE_NO_WARNINGS. See online help for details.
                 E:\Program Files\VS2012\VC\include\stdio.h(349) : 参见“_snprintf”的声明
     1>LockTimeMatch.cpp(988): warning C4996: '_snprintf': This function or variable may be unsafe. Consider using _snprintf_s instead. To disable deprecation, use _CRT_SECURE_NO_WARNINGS. See online help for details.
                 E:\Program Files\VS2012\VC\include\stdio.h(349) : 参见“_snprintf”的声明
     1>LockTimeMatch.cpp(1005): warning C4996: '_snprintf': This function or variable may be unsafe. Consider using _snprintf_s instead. To disable deprecation, use _CRT_SECURE_NO_WARNINGS. See online help for details.
                 E:\Program Files\VS2012\VC\include\stdio.h(349) : 参见“_snprintf”的声明
     1>LockTimeMatch.cpp(1094): warning C4996: '_snprintf': This function or variable may be unsafe. Consider using _snprintf_s instead. To disable deprecation, use _CRT_SECURE_NO_WARNINGS. See online help for details.
                 E:\Program Files\VS2012\VC\include\stdio.h(349) : 参见“_snprintf”的声明
     1>LockTimeMatch.cpp(1095): warning C4996: '_snprintf': This function or variable may be unsafe. Consider using _snprintf_s instead. To disable deprecation, use _CRT_SECURE_NO_WARNINGS. See online help for details.
                 E:\Program Files\VS2012\VC\include\stdio.h(349) : 参见“_snprintf”的声明
     1>LockTimeMatch.cpp(1096): warning C4996: '_snprintf': This function or variable may be unsafe. Consider using _snprintf_s instead. To disable deprecation, use _CRT_SECURE_NO_WARNINGS. See online help for details.
                 E:\Program Files\VS2012\VC\include\stdio.h(349) : 参见“_snprintf”的声明
     1>LockTimeMatch.cpp(1137): warning C4996: '_snprintf': This function or variable may be unsafe. Consider using _snprintf_s instead. To disable deprecation, use _CRT_SECURE_NO_WARNINGS. See online help for details.
                 E:\Program Files\VS2012\VC\include\stdio.h(349) : 参见“_snprintf”的声明
         MatchServiceManager.cpp
         TableFrameHook.cpp
         正在生成代码...
       ResourceCompile:
         C:\Program Files (x86)\Windows Kits\8.0\bin\x86\rc.exe /D NDEBUG /D _AFXDLL /l"0x0804" /IRelease\ /nologo /fo"Release\GameMatchServer.res" GameMatchServer.rc 
       Link:
         E:\Program Files\VS2012\VC\bin\link.exe /ERRORREPORT:PROMPT /OUT:"../../../运行/Release/Ansi/MatchService.dll" /INCREMENTAL:NO /NOLOGO /MANIFEST /MANIFESTUAC:"level='asInvoker' uiAccess='false'" /manifest:embed /manifestinput:"E:\Program Files\VS2012\VC\Include\Manifest\dpiaware.manifest" /DEBUG /PDB:"../../../运行/Release/Ansi/MatchService.pdb" /SUBSYSTEM:WINDOWS /OPT:REF /OPT:ICF /TLBID:1 /DYNAMICBASE /NXCOMPAT /IMPLIB:"../../../运行/Release/Ansi/MatchService.lib" /MACHINE:X86 /SAFESEH /DLL Release\GameMatchServer.res
         Release\DistributeManager.obj
         Release\GameMatchServer.obj
         Release\ImmediateGroup.obj
         Release\ImmediateMatch.obj
         Release\LockTimeMatch.obj
         Release\MatchServiceManager.obj
         Release\Stdafx.obj
         Release\TableFrameHook.obj
     1>LINK : fatal error LNK1104: 无法打开文件“../../链接库/Ansi/ServiceCore.lib”
     1>已完成生成项目“G:\code\棋牌游戏\majiang-master\服务器组件\比赛服务\GameMatchServer.vcxproj”(Rebuild 个目标)的操作 - 失败。

生成失败。

已用时间 00:00:05.09
