G:\CODE\棋牌游戏\MAJIANG-MASTER\服务器组件\比赛服务\RELEASE\MATCHSERVICE.PCH
G:\CODE\棋牌游戏\MAJIANG-MASTER\服务器组件\比赛服务\RELEASE\STDAFX.OBJ
G:\CODE\棋牌游戏\MAJIANG-MASTER\服务器组件\比赛服务\RELEASE\VC110.PDB
G:\CODE\棋牌游戏\MAJIANG-MASTER\服务器组件\比赛服务\RELEASE\TABLEFRAMEHOOK.OBJ
G:\CODE\棋牌游戏\MAJIANG-MASTER\服务器组件\比赛服务\RELEASE\MATCHSERVICEMANAGER.OBJ
G:\CODE\棋牌游戏\MAJIANG-MASTER\服务器组件\比赛服务\RELEASE\LOCKTIMEMATCH.OBJ
G:\CODE\棋牌游戏\MAJIANG-MASTER\服务器组件\比赛服务\RELEASE\IMMEDIATEMATCH.OBJ
G:\CODE\棋牌游戏\MAJIANG-MASTER\服务器组件\比赛服务\RELEASE\IMMEDIATEGROUP.OBJ
G:\CODE\棋牌游戏\MAJIANG-MASTER\服务器组件\比赛服务\RELEASE\GAMEMATCHSERVER.OBJ
G:\CODE\棋牌游戏\MAJIANG-MASTER\服务器组件\比赛服务\RELEASE\DISTRIBUTEMANAGER.OBJ
G:\CODE\棋牌游戏\运行\RELEASE\ANSI\MATCHSERVICE.DLL
G:\CODE\棋牌游戏\运行\RELEASE\ANSI\MATCHSERVICE.PDB
G:\CODE\棋牌游戏\MAJIANG-MASTER\服务器组件\比赛服务\RELEASE\GAMEMATCHSERVER.RES
G:\code\棋牌游戏\运行\Release\Ansi\MatchService.lib
G:\code\棋牌游戏\运行\Release\Ansi\MatchService.exp
G:\code\棋牌游戏\majiang-master\服务器组件\比赛服务\Release\DistributeManager.obj
G:\code\棋牌游戏\majiang-master\服务器组件\比赛服务\Release\GameMatchServer.obj
G:\code\棋牌游戏\majiang-master\服务器组件\比赛服务\Release\ImmediateGroup.obj
G:\code\棋牌游戏\majiang-master\服务器组件\比赛服务\Release\ImmediateMatch.obj
G:\code\棋牌游戏\majiang-master\服务器组件\比赛服务\Release\LockTimeMatch.obj
G:\code\棋牌游戏\majiang-master\服务器组件\比赛服务\Release\MatchServiceManager.obj
G:\code\棋牌游戏\majiang-master\服务器组件\比赛服务\Release\Stdafx.obj
G:\code\棋牌游戏\majiang-master\服务器组件\比赛服务\Release\TableFrameHook.obj
G:\code\棋牌游戏\majiang-master\服务器组件\比赛服务\Release\msado15.tli
G:\code\棋牌游戏\majiang-master\服务器组件\比赛服务\Release\msado15.tlh
G:\code\棋牌游戏\majiang-master\服务器组件\比赛服务\Release\cl.command.1.tlog
G:\code\棋牌游戏\majiang-master\服务器组件\比赛服务\Release\CL.read.1.tlog
G:\code\棋牌游戏\majiang-master\服务器组件\比赛服务\Release\CL.write.1.tlog
G:\code\棋牌游戏\majiang-master\服务器组件\比赛服务\Release\link-cvtres.read.1.tlog
G:\code\棋牌游戏\majiang-master\服务器组件\比赛服务\Release\link-cvtres.write.1.tlog
G:\code\棋牌游戏\majiang-master\服务器组件\比赛服务\Release\link-mt.read.1.tlog
G:\code\棋牌游戏\majiang-master\服务器组件\比赛服务\Release\link-mt.write.1.tlog
G:\code\棋牌游戏\majiang-master\服务器组件\比赛服务\Release\link-rc.read.1.tlog
G:\code\棋牌游戏\majiang-master\服务器组件\比赛服务\Release\link-rc.write.1.tlog
G:\code\棋牌游戏\majiang-master\服务器组件\比赛服务\Release\link.command.1.tlog
G:\code\棋牌游戏\majiang-master\服务器组件\比赛服务\Release\link.read.1.tlog
G:\code\棋牌游戏\majiang-master\服务器组件\比赛服务\Release\link.write.1.tlog
G:\code\棋牌游戏\majiang-master\服务器组件\比赛服务\Release\rc.command.1.tlog
G:\code\棋牌游戏\majiang-master\服务器组件\比赛服务\Release\rc.read.1.tlog
G:\code\棋牌游戏\majiang-master\服务器组件\比赛服务\Release\rc.write.1.tlog
G:\code\棋牌游戏\majiang-master\服务器组件\比赛服务\Release\比赛服务.write.1.tlog
G:\code\棋牌游戏\majiang-master\服务器组件\比赛服务\Release\GameMatchServer.res
G:\code\棋牌游戏\majiang-master\服务器组件\比赛服务\Release\MatchService.pch
G:\code\棋牌游戏\majiang-master\服务器组件\比赛服务\Release\vc110.pdb
G:\code\棋牌游戏\majiang-master\服务器组件\比赛服务\../../../运行/Release/Ansi/MatchService.dll
