生成启动时间为 2016/7/21 17:55:44。
     1>项目“E:\闲来\闲来服务器\闲来服务器\系统模块\公共组件\服务核心\ServiceCore.vcxproj”在节点 2 上(Build 个目标)。
     1>C:\Program Files (x86)\MSBuild\Microsoft.Cpp\v4.0\V110\Microsoft.CppBuild.targets(1137,5): warning MSB8012: TargetPath(E:\闲来\闲来服务器\闲来服务器\系统模块\公共组件\服务核心\Release_Unicode\服务核心.dll) does not match the Linker's OutputFile property value (E:\闲来\闲来服务器\闲来服务器\运行\Release\Unicode\ServiceCore.dll). This may cause your project to build incorrectly. To correct this, please make sure that $(OutDir), $(TargetName) and $(TargetExt) property values match the value specified in %(Link.OutputFile).
     1>C:\Program Files (x86)\MSBuild\Microsoft.Cpp\v4.0\V110\Microsoft.CppBuild.targets(1139,5): warning MSB8012: TargetName(服务核心) does not match the Linker's OutputFile property value (ServiceCore). This may cause your project to build incorrectly. To correct this, please make sure that $(OutDir), $(TargetName) and $(TargetExt) property values match the value specified in %(Link.OutputFile).
     1>Link:
         ServiceCore.vcxproj -> E:\闲来\闲来服务器\闲来服务器\系统模块\公共组件\服务核心\Release_Unicode\服务核心.dll
       PostBuildEvent:
         mkdir ..\..\..\发布组件\服务器组件\Release\Unicode
         mkdir ..\..\..\发布组件\客户端组件\Release\Unicode
         copy /y ..\..\..\运行\Release\Unicode\服务核心.dll ..\..\..\发布组件\服务器组件\Release\Unicode\服务核心.dll
         copy /y ..\..\..\运行\Release\Unicode\服务核心.dll ..\..\..\发布组件\客户端组件\Release\Unicode\服务核心.dll
         
         :VCEnd
         子目录或文件 ..\..\..\发布组件\服务器组件\Release\Unicode 已经存在。
         子目录或文件 ..\..\..\发布组件\客户端组件\Release\Unicode 已经存在。
         系统找不到指定的文件。
         系统找不到指定的文件。
     1>C:\Program Files (x86)\MSBuild\Microsoft.Cpp\v4.0\V110\Microsoft.CppCommon.targets(134,5): error MSB3073: 命令“mkdir ..\..\..\发布组件\服务器组件\Release\Unicode
C:\Program Files (x86)\MSBuild\Microsoft.Cpp\v4.0\V110\Microsoft.CppCommon.targets(134,5): error MSB3073: mkdir ..\..\..\发布组件\客户端组件\Release\Unicode
C:\Program Files (x86)\MSBuild\Microsoft.Cpp\v4.0\V110\Microsoft.CppCommon.targets(134,5): error MSB3073: copy /y ..\..\..\运行\Release\Unicode\服务核心.dll ..\..\..\发布组件\服务器组件\Release\Unicode\服务核心.dll
C:\Program Files (x86)\MSBuild\Microsoft.Cpp\v4.0\V110\Microsoft.CppCommon.targets(134,5): error MSB3073: copy /y ..\..\..\运行\Release\Unicode\服务核心.dll ..\..\..\发布组件\客户端组件\Release\Unicode\服务核心.dll
C:\Program Files (x86)\MSBuild\Microsoft.Cpp\v4.0\V110\Microsoft.CppCommon.targets(134,5): error MSB3073: 
C:\Program Files (x86)\MSBuild\Microsoft.Cpp\v4.0\V110\Microsoft.CppCommon.targets(134,5): error MSB3073: :VCEnd”已退出，代码为 1。
     1>已完成生成项目“E:\闲来\闲来服务器\闲来服务器\系统模块\公共组件\服务核心\ServiceCore.vcxproj”(Build 个目标)的操作 - 失败。

生成失败。

已用时间 00:00:00.23
