生成启动时间为 2016/7/5 20:51:03。
     1>项目“D:\闲来服务器\系统模块\客户端组件\下载组件\DownLoad.vcxproj”在节点 5 上(Build 个目标)。
     1>ClCompile:
         C:\Program Files (x86)\Microsoft Visual Studio 11.0\VC\bin\CL.exe /c /Zi /nologo /W3 /WX- /O2 /Oy- /D WIN32 /D _WINDOWS /D NDEBUG /D _AFXEXT /D DOWN_LOAD_DLL /D _UNICODE /D _WINDLL /D _UNICODE /D UNICODE /D _AFXDLL /Gm- /EHsc /MD /GS /fp:precise /Zc:wchar_t /Zc:forScope /Yc"stdafx.h" /Fp"Release_Unicode\下载组件.pch" /Fo"Release_Unicode\\" /Fd"Release_Unicode\vc110.pdb" /Gd /TP /analyze- /errorReport:prompt Stdafx.cpp
         Stdafx.cpp
         C:\Program Files (x86)\Microsoft Visual Studio 11.0\VC\bin\CL.exe /c /Zi /nologo /W3 /WX- /O2 /Oy- /D WIN32 /D _WINDOWS /D NDEBUG /D _AFXEXT /D DOWN_LOAD_DLL /D _UNICODE /D _WINDLL /D _UNICODE /D UNICODE /D _AFXDLL /Gm- /EHsc /MD /GS /fp:precise /Zc:wchar_t /Zc:forScope /Yu"stdafx.h" /Fp"Release_Unicode\下载组件.pch" /Fo"Release_Unicode\\" /Fd"Release_Unicode\vc110.pdb" /Gd /TP /analyze- /errorReport:prompt DownLoad.cpp DownLoadDLL.cpp HeadTranslate.cpp WEBSocket.cpp
         DownLoad.cpp
     1>DownLoad.cpp(303): warning C4996: '_snprintf': This function or variable may be unsafe. Consider using _snprintf_s instead. To disable deprecation, use _CRT_SECURE_NO_WARNINGS. See online help for details.
                 C:\Program Files (x86)\Microsoft Visual Studio 11.0\VC\include\stdio.h(349) : 参见“_snprintf”的声明
         DownLoadDLL.cpp
         HeadTranslate.cpp
         WEBSocket.cpp
     1>WEBSocket.cpp(209): warning C4996: '_snprintf': This function or variable may be unsafe. Consider using _snprintf_s instead. To disable deprecation, use _CRT_SECURE_NO_WARNINGS. See online help for details.
                 C:\Program Files (x86)\Microsoft Visual Studio 11.0\VC\include\stdio.h(349) : 参见“_snprintf”的声明
         正在生成代码...
       ResourceCompile:
         C:\Program Files (x86)\Windows Kits\8.0\bin\x86\rc.exe /D NDEBUG /D _UNICODE /D UNICODE /D _AFXDLL /l"0x0804" /IRelease_Unicode\ /nologo /fo"Release_Unicode\DownLoad.res" DownLoad.rc 
     1>C:\Program Files (x86)\MSBuild\Microsoft.Cpp\v4.0\V110\Microsoft.CppBuild.targets(1137,5): warning MSB8012: TargetPath(D:\闲来服务器\系统模块\客户端组件\下载组件\Release_Unicode\下载组件.dll) does not match the Linker's OutputFile property value (D:\闲来服务器\运行\Release\Unicode\DownLoad.dll). This may cause your project to build incorrectly. To correct this, please make sure that $(OutDir), $(TargetName) and $(TargetExt) property values match the value specified in %(Link.OutputFile).
     1>C:\Program Files (x86)\MSBuild\Microsoft.Cpp\v4.0\V110\Microsoft.CppBuild.targets(1139,5): warning MSB8012: TargetName(下载组件) does not match the Linker's OutputFile property value (DownLoad). This may cause your project to build incorrectly. To correct this, please make sure that $(OutDir), $(TargetName) and $(TargetExt) property values match the value specified in %(Link.OutputFile).
       Link:
         C:\Program Files (x86)\Microsoft Visual Studio 11.0\VC\bin\link.exe /ERRORREPORT:PROMPT /OUT:"../../../运行/Release/Unicode/DownLoad.dll" /INCREMENTAL:NO /NOLOGO /DEF:".\DownLoad.def" /MANIFEST /MANIFESTUAC:"level='asInvoker' uiAccess='false'" /manifest:embed /manifestinput:"C:\Program Files (x86)\Microsoft Visual Studio 11.0\VC\Include\Manifest\dpiaware.manifest" /DEBUG /PDB:"Release_Unicode\下载组件.pdb" /SUBSYSTEM:WINDOWS /OPT:REF /OPT:ICF /TLBID:1 /DYNAMICBASE /NXCOMPAT /IMPLIB:"../../链接库/Unicode/DownLoad.lib" /MACHINE:X86 /SAFESEH /DLL Release_Unicode\DownLoad.res
         Release_Unicode\DownLoad.obj
         Release_Unicode\DownLoadDLL.obj
         Release_Unicode\HeadTranslate.obj
         Release_Unicode\Stdafx.obj
         Release_Unicode\WEBSocket.obj
         "D:\闲来服务器\系统模块\链接库\Unicode\ServiceCore.lib"
         "D:\闲来服务器\系统模块\链接库\Unicode\WHImage.lib"
         "D:\闲来服务器\系统模块\链接库\Unicode\PlatformData.lib"
         "D:\闲来服务器\系统模块\链接库\Unicode\SkinControl.lib"
     1>LINK : fatal error LNK1181: 无法打开输入文件“D:\闲来服务器\系统模块\链接库\Unicode\PlatformData.lib”
     1>已完成生成项目“D:\闲来服务器\系统模块\客户端组件\下载组件\DownLoad.vcxproj”(Build 个目标)的操作 - 失败。

生成失败。

已用时间 00:00:08.19
