生成启动时间为 2016/7/5 20:51:40。
     1>项目“D:\闲来服务器\系统模块\客户端组件\形象组件\AvatarControl.vcxproj”在节点 4 上(Build 个目标)。
     1>ClCompile:
         C:\Program Files (x86)\Microsoft Visual Studio 11.0\VC\bin\CL.exe /c /Zi /nologo /W3 /WX- /O2 /Oy- /D WIN32 /D _WINDOWS /D NDEBUG /D _AFXEXT /D _UNICODE /D AVATAR_CONTROL_DLL /D _WINDLL /D _UNICODE /D UNICODE /D _AFXDLL /Gm- /EHsc /MD /GS /fp:precise /Zc:wchar_t /Zc:forScope /Yc"stdafx.h" /Fp"Release_Unicode\形象组件.pch" /Fo"Release_Unicode\\" /Fd"Release_Unicode\vc110.pdb" /Gd /TP /analyze- /errorReport:prompt Stdafx.cpp
         Stdafx.cpp
         C:\Program Files (x86)\Microsoft Visual Studio 11.0\VC\bin\CL.exe /c /Zi /nologo /W3 /WX- /O2 /Oy- /D WIN32 /D _WINDOWS /D NDEBUG /D _AFXEXT /D _UNICODE /D AVATAR_CONTROL_DLL /D _WINDLL /D _UNICODE /D UNICODE /D _AFXDLL /Gm- /EHsc /MD /GS /fp:precise /Zc:wchar_t /Zc:forScope /Yu"stdafx.h" /Fp"Release_Unicode\形象组件.pch" /Fo"Release_Unicode\\" /Fd"Release_Unicode\vc110.pdb" /Gd /TP /analyze- /errorReport:prompt AvatarControl.cpp CameraControl.cpp CustomFaceManager.cpp FaceCustomControl.cpp FaceItemControl.cpp FaceItemView.cpp FaceSelectControl.cpp ImageEditorControl.cpp ImageItemControl.cpp
         AvatarControl.cpp
         CameraControl.cpp
         CustomFaceManager.cpp
     1>CustomFaceManager.cpp(143): warning C4996: '_snwprintf': This function or variable may be unsafe. Consider using _snwprintf_s instead. To disable deprecation, use _CRT_SECURE_NO_WARNINGS. See online help for details.
                 C:\Program Files (x86)\Microsoft Visual Studio 11.0\VC\include\wchar.h(730) : 参见“_snwprintf”的声明
     1>CustomFaceManager.cpp(177): warning C4996: '_snwprintf': This function or variable may be unsafe. Consider using _snwprintf_s instead. To disable deprecation, use _CRT_SECURE_NO_WARNINGS. See online help for details.
                 C:\Program Files (x86)\Microsoft Visual Studio 11.0\VC\include\wchar.h(730) : 参见“_snwprintf”的声明
     1>CustomFaceManager.cpp(181): warning C4996: '_snwprintf': This function or variable may be unsafe. Consider using _snwprintf_s instead. To disable deprecation, use _CRT_SECURE_NO_WARNINGS. See online help for details.
                 C:\Program Files (x86)\Microsoft Visual Studio 11.0\VC\include\wchar.h(730) : 参见“_snwprintf”的声明
     1>CustomFaceManager.cpp(291): warning C4996: '_snwprintf': This function or variable may be unsafe. Consider using _snwprintf_s instead. To disable deprecation, use _CRT_SECURE_NO_WARNINGS. See online help for details.
                 C:\Program Files (x86)\Microsoft Visual Studio 11.0\VC\include\wchar.h(730) : 参见“_snwprintf”的声明
         FaceCustomControl.cpp
         FaceItemControl.cpp
         FaceItemView.cpp
         FaceSelectControl.cpp
         ImageEditorControl.cpp
         ImageItemControl.cpp
         正在生成代码...
       ResourceCompile:
         C:\Program Files (x86)\Windows Kits\8.0\bin\x86\rc.exe /D NDEBUG /D _UNICODE /D UNICODE /D _AFXDLL /l"0x0804" /IRelease_Unicode\ /nologo /fo"Release_Unicode\AvatarControl.res" AvatarControl.rc 
     1>C:\Program Files (x86)\MSBuild\Microsoft.Cpp\v4.0\V110\Microsoft.CppBuild.targets(1137,5): warning MSB8012: TargetPath(D:\闲来服务器\系统模块\客户端组件\形象组件\Release_Unicode\形象组件.dll) does not match the Linker's OutputFile property value (D:\闲来服务器\运行\Release\Unicode\AvatarControl.dll). This may cause your project to build incorrectly. To correct this, please make sure that $(OutDir), $(TargetName) and $(TargetExt) property values match the value specified in %(Link.OutputFile).
     1>C:\Program Files (x86)\MSBuild\Microsoft.Cpp\v4.0\V110\Microsoft.CppBuild.targets(1139,5): warning MSB8012: TargetName(形象组件) does not match the Linker's OutputFile property value (AvatarControl). This may cause your project to build incorrectly. To correct this, please make sure that $(OutDir), $(TargetName) and $(TargetExt) property values match the value specified in %(Link.OutputFile).
       Link:
         C:\Program Files (x86)\Microsoft Visual Studio 11.0\VC\bin\link.exe /ERRORREPORT:PROMPT /OUT:"../../../运行/Release/Unicode/AvatarControl.dll" /INCREMENTAL:NO /NOLOGO /DEF:".\AvatarControl.def" /MANIFEST /MANIFESTUAC:"level='asInvoker' uiAccess='false'" /manifest:embed /manifestinput:"C:\Program Files (x86)\Microsoft Visual Studio 11.0\VC\Include\Manifest\dpiaware.manifest" /DEBUG /PDB:"Release_Unicode\形象组件.pdb" /SUBSYSTEM:WINDOWS /OPT:REF /OPT:ICF /TLBID:1 /DYNAMICBASE /NXCOMPAT /IMPLIB:"../../链接库/Unicode/AvatarControl.lib" /MACHINE:X86 /SAFESEH /DLL Release_Unicode\AvatarControl.res
         Release_Unicode\AvatarControl.obj
         Release_Unicode\CameraControl.obj
         Release_Unicode\CustomFaceManager.obj
         Release_Unicode\FaceCustomControl.obj
         Release_Unicode\FaceItemControl.obj
         Release_Unicode\FaceItemView.obj
         Release_Unicode\FaceSelectControl.obj
         Release_Unicode\ImageEditorControl.obj
         Release_Unicode\ImageItemControl.obj
         Release_Unicode\Stdafx.obj
         "D:\闲来服务器\系统模块\链接库\Unicode\WHImage.lib"
         "D:\闲来服务器\系统模块\链接库\Unicode\ShareControl.lib"
         "D:\闲来服务器\系统模块\链接库\Unicode\SkinControl.lib"
     1>LINK : fatal error LNK1181: 无法打开输入文件“D:\闲来服务器\系统模块\链接库\Unicode\ShareControl.lib”
     1>已完成生成项目“D:\闲来服务器\系统模块\客户端组件\形象组件\AvatarControl.vcxproj”(Build 个目标)的操作 - 失败。

生成失败。

已用时间 00:00:21.12
