生成启动时间为 2016/7/7 14:45:46。
     1>项目“D:\闲来服务器\系统模块\服务器组件\游戏服务器\GameServer.vcxproj”在节点 4 上(Build 个目标)。
     1>C:\Program Files (x86)\MSBuild\Microsoft.Cpp\v4.0\V110\Microsoft.CppBuild.targets(1137,5): warning MSB8012: TargetPath(D:\闲来服务器\系统模块\服务器组件\游戏服务器\Debug_Unicode\游戏服务器.exe) does not match the Linker's OutputFile property value (D:\闲来服务器\运行\Debug\Unicode\GameServer.exe). This may cause your project to build incorrectly. To correct this, please make sure that $(OutDir), $(TargetName) and $(TargetExt) property values match the value specified in %(Link.OutputFile).
     1>C:\Program Files (x86)\MSBuild\Microsoft.Cpp\v4.0\V110\Microsoft.CppBuild.targets(1139,5): warning MSB8012: TargetName(游戏服务器) does not match the Linker's OutputFile property value (GameServer). This may cause your project to build incorrectly. To correct this, please make sure that $(OutDir), $(TargetName) and $(TargetExt) property values match the value specified in %(Link.OutputFile).
     1>Link:
         C:\Program Files (x86)\Microsoft Visual Studio 11.0\VC\bin\link.exe /ERRORREPORT:PROMPT /OUT:"../../../运行/Debug/Unicode/GameServer.exe" /INCREMENTAL /NOLOGO /MANIFEST /MANIFESTUAC:"level='asInvoker' uiAccess='false'" /manifest:embed /manifestinput:"C:\Program Files (x86)\Microsoft Visual Studio 11.0\VC\Include\Manifest\dpiaware.manifest" /DEBUG /PDB:"Debug_Unicode\游戏服务器.pdb" /SUBSYSTEM:WINDOWS /TLBID:1 /ENTRY:"wWinMainCRTStartup" /DYNAMICBASE /NXCOMPAT /IMPLIB:"Debug_Unicode\游戏服务器.lib" /MACHINE:X86 /SAFESEH Debug_Unicode\GameServer.res
         Debug_Unicode\AttemperEngineSink.obj
         Debug_Unicode\DataBaseEngineSink.obj
         Debug_Unicode\DBCorrespondManager.obj
         Debug_Unicode\DistributeManager.obj
         Debug_Unicode\GameServer.obj
         Debug_Unicode\GameServerDlg.obj
         Debug_Unicode\InitParameter.obj
         Debug_Unicode\SensitiveWordsFilter.obj
         Debug_Unicode\ServerListManager.obj
         Debug_Unicode\ServiceUnits.obj
         Debug_Unicode\Stdafx.obj
         Debug_Unicode\StockManager.obj
         Debug_Unicode\TableFrame.obj
         "D:\闲来服务器\系统模块\链接库\Unicode\ServiceCoreD.lib"
         "D:\闲来服务器\系统模块\链接库\Unicode\ModuleManagerD.lib"
         "D:\闲来服务器\系统模块\链接库\Unicode\GameServiceD.lib"
     1>LINK : fatal error LNK1104: 无法打开文件“D:\闲来服务器\系统模块\链接库\Unicode\ModuleManagerD.lib”
     1>已完成生成项目“D:\闲来服务器\系统模块\服务器组件\游戏服务器\GameServer.vcxproj”(Build 个目标)的操作 - 失败。

生成失败。

已用时间 00:00:00.25
