G:\CODE\棋牌游戏\MAJIANG-MASTER\服务器组件\游戏服务\RELEASE\GAMESERVICE.PCH
G:\CODE\棋牌游戏\MAJIANG-MASTER\服务器组件\游戏服务\RELEASE\STDAFX.OBJ
G:\CODE\棋牌游戏\MAJIANG-MASTER\服务器组件\游戏服务\RELEASE\VC110.PDB
G:\CODE\棋牌游戏\MAJIANG-MASTER\服务器组件\游戏服务\RELEASE\SERVERUSERMANAGER.OBJ
G:\CODE\棋牌游戏\MAJIANG-MASTER\服务器组件\游戏服务\RELEASE\GAMESERVICE.OBJ
G:\CODE\棋牌游戏\MAJIANG-MASTER\服务器组件\游戏服务\RELEASE\GAMEPROPERTYMANAGER.OBJ
G:\CODE\棋牌游戏\MAJIANG-MASTER\服务器组件\游戏服务\RELEASE\ANDROIDUSERMANAGER.OBJ
G:\CODE\棋牌游戏\MAJIANG-MASTER\服务器组件\游戏服务\RELEASE\ANDROIDUSERITEM.OBJ
G:\CODE\棋牌游戏\运行\RELEASE\ANSI\GAMESERVICE.DLL
G:\CODE\棋牌游戏\运行\RELEASE\ANSI\GAMESERVICE.PDB
G:\CODE\棋牌游戏\MAJIANG-MASTER\服务器组件\游戏服务\RELEASE\GAMESERVICE.RES
G:\code\棋牌游戏\majiang-master\链接库\Ansi\GameService.lib
G:\code\棋牌游戏\majiang-master\链接库\Ansi\GameService.exp
G:\code\棋牌游戏\majiang-master\服务器组件\游戏服务\Release\AndroidUserItem.obj
G:\code\棋牌游戏\majiang-master\服务器组件\游戏服务\Release\AndroidUserManager.obj
G:\code\棋牌游戏\majiang-master\服务器组件\游戏服务\Release\GamePropertyManager.obj
G:\code\棋牌游戏\majiang-master\服务器组件\游戏服务\Release\GameService.obj
G:\code\棋牌游戏\majiang-master\服务器组件\游戏服务\Release\ServerUserManager.obj
G:\code\棋牌游戏\majiang-master\服务器组件\游戏服务\Release\Stdafx.obj
G:\code\棋牌游戏\majiang-master\服务器组件\游戏服务\Release\msado15.tli
G:\code\棋牌游戏\majiang-master\服务器组件\游戏服务\Release\msado15.tlh
G:\code\棋牌游戏\majiang-master\服务器组件\游戏服务\Release\cl.command.1.tlog
G:\code\棋牌游戏\majiang-master\服务器组件\游戏服务\Release\CL.read.1.tlog
G:\code\棋牌游戏\majiang-master\服务器组件\游戏服务\Release\CL.write.1.tlog
G:\code\棋牌游戏\majiang-master\服务器组件\游戏服务\Release\link-cvtres.read.1.tlog
G:\code\棋牌游戏\majiang-master\服务器组件\游戏服务\Release\link-cvtres.write.1.tlog
G:\code\棋牌游戏\majiang-master\服务器组件\游戏服务\Release\link-mt.read.1.tlog
G:\code\棋牌游戏\majiang-master\服务器组件\游戏服务\Release\link-mt.write.1.tlog
G:\code\棋牌游戏\majiang-master\服务器组件\游戏服务\Release\link-rc.read.1.tlog
G:\code\棋牌游戏\majiang-master\服务器组件\游戏服务\Release\link-rc.write.1.tlog
G:\code\棋牌游戏\majiang-master\服务器组件\游戏服务\Release\link.command.1.tlog
G:\code\棋牌游戏\majiang-master\服务器组件\游戏服务\Release\link.read.1.tlog
G:\code\棋牌游戏\majiang-master\服务器组件\游戏服务\Release\link.write.1.tlog
G:\code\棋牌游戏\majiang-master\服务器组件\游戏服务\Release\rc.command.1.tlog
G:\code\棋牌游戏\majiang-master\服务器组件\游戏服务\Release\rc.read.1.tlog
G:\code\棋牌游戏\majiang-master\服务器组件\游戏服务\Release\rc.write.1.tlog
G:\code\棋牌游戏\majiang-master\服务器组件\游戏服务\Release\游戏服务.write.1.tlog
G:\code\棋牌游戏\majiang-master\服务器组件\游戏服务\Release\GameService.res
G:\code\棋牌游戏\majiang-master\服务器组件\游戏服务\Release\GameService.pch
G:\code\棋牌游戏\majiang-master\服务器组件\游戏服务\Release\vc110.pdb
G:\code\棋牌游戏\majiang-master\服务器组件\游戏服务\../../../运行/Release/Ansi/GameService.dll
