生成启动时间为 2016/7/7 12:30:51。
     1>项目“D:\闲来服务器\系统模块\客户端组件\形象组件\AvatarControl.vcxproj”在节点 3 上(Build 个目标)。
     1>ClCompile:
         C:\Program Files (x86)\Microsoft Visual Studio 11.0\VC\bin\CL.exe /c /ZI /nologo /W3 /WX- /Od /Oy- /D WIN32 /D _WINDOWS /D _DEBUG /D _AFXEXT /D _UNICODE /D AVATAR_CONTROL_DLL /D _WINDLL /D _UNICODE /D UNICODE /D _AFXDLL /Gm /EHsc /RTC1 /MDd /GS /fp:precise /Zc:wchar_t /Zc:forScope /Yc"stdafx.h" /Fp"Debug_Unicode\形象组件.pch" /Fo"Debug_Unicode\\" /Fd"Debug_Unicode\vc110.pdb" /Gd /TP /analyze- /errorReport:prompt Stdafx.cpp
         Stdafx.cpp
         C:\Program Files (x86)\Microsoft Visual Studio 11.0\VC\bin\CL.exe /c /ZI /nologo /W3 /WX- /Od /Oy- /D WIN32 /D _WINDOWS /D _DEBUG /D _AFXEXT /D _UNICODE /D AVATAR_CONTROL_DLL /D _WINDLL /D _UNICODE /D UNICODE /D _AFXDLL /Gm /EHsc /RTC1 /MDd /GS /fp:precise /Zc:wchar_t /Zc:forScope /Yu"stdafx.h" /Fp"Debug_Unicode\形象组件.pch" /Fo"Debug_Unicode\\" /Fd"Debug_Unicode\vc110.pdb" /Gd /TP /analyze- /errorReport:prompt AvatarControl.cpp CameraControl.cpp CustomFaceManager.cpp FaceCustomControl.cpp FaceItemControl.cpp FaceItemView.cpp FaceSelectControl.cpp ImageEditorControl.cpp ImageItemControl.cpp
         ImageItemControl.cpp
         ImageEditorControl.cpp
         FaceSelectControl.cpp
         FaceItemView.cpp
         FaceItemControl.cpp
         FaceCustomControl.cpp
         CustomFaceManager.cpp
     1>d:\闲来服务器\系统模块\客户端组件\形象组件\customfacemanager.cpp(143): warning C4996: '_snwprintf': This function or variable may be unsafe. Consider using _snwprintf_s instead. To disable deprecation, use _CRT_SECURE_NO_WARNINGS. See online help for details.
                 c:\program files (x86)\microsoft visual studio 11.0\vc\include\wchar.h(730) : 参见“_snwprintf”的声明
     1>d:\闲来服务器\系统模块\客户端组件\形象组件\customfacemanager.cpp(177): warning C4996: '_snwprintf': This function or variable may be unsafe. Consider using _snwprintf_s instead. To disable deprecation, use _CRT_SECURE_NO_WARNINGS. See online help for details.
                 c:\program files (x86)\microsoft visual studio 11.0\vc\include\wchar.h(730) : 参见“_snwprintf”的声明
     1>d:\闲来服务器\系统模块\客户端组件\形象组件\customfacemanager.cpp(181): warning C4996: '_snwprintf': This function or variable may be unsafe. Consider using _snwprintf_s instead. To disable deprecation, use _CRT_SECURE_NO_WARNINGS. See online help for details.
                 c:\program files (x86)\microsoft visual studio 11.0\vc\include\wchar.h(730) : 参见“_snwprintf”的声明
     1>d:\闲来服务器\系统模块\客户端组件\形象组件\customfacemanager.cpp(291): warning C4996: '_snwprintf': This function or variable may be unsafe. Consider using _snwprintf_s instead. To disable deprecation, use _CRT_SECURE_NO_WARNINGS. See online help for details.
                 c:\program files (x86)\microsoft visual studio 11.0\vc\include\wchar.h(730) : 参见“_snwprintf”的声明
         CameraControl.cpp
         AvatarControl.cpp
         正在生成代码...
       ResourceCompile:
         C:\Program Files (x86)\Windows Kits\8.0\bin\x86\rc.exe /D _DEBUG /D _UNICODE /D UNICODE /D _AFXDLL /l"0x0804" /IDebug_Unicode\ /nologo /fo"Debug_Unicode\AvatarControl.res" AvatarControl.rc 
     1>C:\Program Files (x86)\MSBuild\Microsoft.Cpp\v4.0\V110\Microsoft.CppBuild.targets(1137,5): warning MSB8012: TargetPath(D:\闲来服务器\系统模块\客户端组件\形象组件\Debug_Unicode\形象组件.dll) does not match the Linker's OutputFile property value (D:\闲来服务器\运行\Debug\Unicode\AvatarControlD.dll). This may cause your project to build incorrectly. To correct this, please make sure that $(OutDir), $(TargetName) and $(TargetExt) property values match the value specified in %(Link.OutputFile).
     1>C:\Program Files (x86)\MSBuild\Microsoft.Cpp\v4.0\V110\Microsoft.CppBuild.targets(1139,5): warning MSB8012: TargetName(形象组件) does not match the Linker's OutputFile property value (AvatarControlD). This may cause your project to build incorrectly. To correct this, please make sure that $(OutDir), $(TargetName) and $(TargetExt) property values match the value specified in %(Link.OutputFile).
       Link:
         C:\Program Files (x86)\Microsoft Visual Studio 11.0\VC\bin\link.exe /ERRORREPORT:PROMPT /OUT:"../../../运行/Debug/Unicode/AvatarControlD.dll" /INCREMENTAL /NOLOGO /DEF:".\AvatarControlD.def" /MANIFEST /MANIFESTUAC:"level='asInvoker' uiAccess='false'" /manifest:embed /manifestinput:"C:\Program Files (x86)\Microsoft Visual Studio 11.0\VC\Include\Manifest\dpiaware.manifest" /DEBUG /PDB:"Debug_Unicode\形象组件.pdb" /SUBSYSTEM:WINDOWS /TLBID:1 /DYNAMICBASE /NXCOMPAT /IMPLIB:"../../链接库/Unicode/AvatarControlD.lib" /MACHINE:X86 /SAFESEH /DLL Debug_Unicode\AvatarControl.res
         Debug_Unicode\AvatarControl.obj
         Debug_Unicode\CameraControl.obj
         Debug_Unicode\CustomFaceManager.obj
         Debug_Unicode\FaceCustomControl.obj
         Debug_Unicode\FaceItemControl.obj
         Debug_Unicode\FaceItemView.obj
         Debug_Unicode\FaceSelectControl.obj
         Debug_Unicode\ImageEditorControl.obj
         Debug_Unicode\ImageItemControl.obj
         Debug_Unicode\Stdafx.obj
         "D:\闲来服务器\系统模块\链接库\Unicode\WHImageD.lib"
         "D:\闲来服务器\系统模块\链接库\Unicode\ShareControlD.lib"
         "D:\闲来服务器\系统模块\链接库\Unicode\SkinControlD.lib"
     1>LINK : fatal error LNK1104: 无法打开文件“D:\闲来服务器\系统模块\链接库\Unicode\ShareControlD.lib”
     1>已完成生成项目“D:\闲来服务器\系统模块\客户端组件\形象组件\AvatarControl.vcxproj”(Build 个目标)的操作 - 失败。

生成失败。

已用时间 00:00:27.36
