生成启动时间为 2016/7/5 20:53:34。
     1>项目“D:\闲来服务器\系统模块\公共组件\进程控制\ProcessControl.vcxproj”在节点 2 上(Build 个目标)。
     1>ClCompile:
         C:\Program Files (x86)\Microsoft Visual Studio 11.0\VC\bin\CL.exe /c /ZI /nologo /W3 /WX- /Od /Oy- /D WIN32 /D _WINDOWS /D _DEBUG /D _AFXEXT /D PROCESS_CONTROL_DLL /D _WINDLL /D _MBCS /D _AFXDLL /Gm /EHsc /RTC1 /MDd /GS /fp:precise /Zc:wchar_t /Zc:forScope /Yc"stdafx.h" /Fp"Debug\ProcessControlD.pch" /Fo"Debug\\" /Fd"Debug\vc110.pdb" /Gd /TP /analyze- /errorReport:prompt Stdafx.cpp
         Stdafx.cpp
         C:\Program Files (x86)\Microsoft Visual Studio 11.0\VC\bin\CL.exe /c /ZI /nologo /W3 /WX- /Od /Oy- /D WIN32 /D _WINDOWS /D _DEBUG /D _AFXEXT /D PROCESS_CONTROL_DLL /D _WINDLL /D _MBCS /D _AFXDLL /Gm /EHsc /RTC1 /MDd /GS /fp:precise /Zc:wchar_t /Zc:forScope /Yu"stdafx.h" /Fp"Debug\ProcessControlD.pch" /Fo"Debug\\" /Fd"Debug\vc110.pdb" /Gd /TP /analyze- /errorReport:prompt ProcessControl.cpp ProcessControlDLL.cpp ProcessDataControl.cpp
         ProcessDataControl.cpp
         ProcessControlDLL.cpp
         ProcessControl.cpp
         正在生成代码...
       ResourceCompile:
         C:\Program Files (x86)\Windows Kits\8.0\bin\x86\rc.exe /D _DEBUG /D _AFXDLL /l"0x0804" /IDebug\ /nologo /fo"Debug\ProcessControl.res" ProcessControl.rc 
       Link:
         C:\Program Files (x86)\Microsoft Visual Studio 11.0\VC\bin\link.exe /ERRORREPORT:PROMPT /OUT:"../../../运行/Debug/Ansi/ProcessControlD.dll" /INCREMENTAL /NOLOGO /DEF:".\ProcessControlD.def" /MANIFEST /MANIFESTUAC:"level='asInvoker' uiAccess='false'" /manifest:embed /manifestinput:"C:\Program Files (x86)\Microsoft Visual Studio 11.0\VC\Include\Manifest\dpiaware.manifest" /DEBUG /PDB:"../../../运行/Debug/Ansi/ProcessControlD.pdb" /SUBSYSTEM:WINDOWS /TLBID:1 /DYNAMICBASE /NXCOMPAT /IMPLIB:"../../链接库/Ansi/ProcessControlD.lib" /MACHINE:X86 /SAFESEH /DLL Debug\ProcessControl.res
         Debug\ProcessControl.obj
         Debug\ProcessControlDLL.obj
         Debug\ProcessDataControl.obj
         Debug\Stdafx.obj
         "D:\闲来服务器\系统模块\链接库\Ansi\ServiceCoreD.lib"
     1>ProcessControl.obj : warning LNK4075: 忽略“/EDITANDCONTINUE”(由于“/SAFESEH”规范)
            正在创建库 ../../链接库/Ansi/ProcessControlD.lib 和对象 ../../链接库/Ansi/ProcessControlD.exp
         ProcessControl.vcxproj -> D:\闲来服务器\系统模块\公共组件\进程控制\../../../运行/Debug/Ansi/ProcessControlD.dll
       PostBuildEvent:
         mkdir ..\..\..\发布组件\服务器组件\Debug\Ansi
         mkdir ..\..\..\发布组件\客户端组件\Debug\Ansi
         copy /y ..\..\..\运行\Debug\Ansi\ProcessControlD.dll ..\..\..\发布组件\服务器组件\Debug\Ansi\ProcessControlD.dll
         copy /y ..\..\..\运行\Debug\Ansi\ProcessControlD.dll ..\..\..\发布组件\客户端组件\Debug\Ansi\ProcessControlD.dll
         
         :VCEnd
         子目录或文件 ..\..\..\发布组件\服务器组件\Debug\Ansi 已经存在。
         子目录或文件 ..\..\..\发布组件\客户端组件\Debug\Ansi 已经存在。
         已复制         1 个文件。
         已复制         1 个文件。
     1>已完成生成项目“D:\闲来服务器\系统模块\公共组件\进程控制\ProcessControl.vcxproj”(Build 个目标)的操作。

生成成功。

已用时间 00:00:14.19
