生成启动时间为 2016/7/5 20:50:37。
     1>项目“D:\闲来服务器\系统模块\客户端组件\用户服务\UserService.vcxproj”在节点 2 上(Build 个目标)。
     1>ClCompile:
         C:\Program Files (x86)\Microsoft Visual Studio 11.0\VC\bin\CL.exe /c /Zi /nologo /W3 /WX- /O2 /Oy- /D WIN32 /D _WINDOWS /D NDEBUG /D _AFXEXT /D USER_SERVICE_DLL /D _UNICODE /D _WINDLL /D _UNICODE /D UNICODE /D _AFXDLL /Gm- /EHsc /MD /GS /fp:precise /Zc:wchar_t /Zc:forScope /Yc"stdafx.h" /Fp"Release_Unicode\用户服务.pch" /Fo"Release_Unicode\\" /Fd"Release_Unicode\vc110.pdb" /Gd /TP /analyze- /errorReport:prompt Stdafx.cpp
         Stdafx.cpp
         C:\Program Files (x86)\Microsoft Visual Studio 11.0\VC\bin\CL.exe /c /Zi /nologo /W3 /WX- /O2 /Oy- /D WIN32 /D _WINDOWS /D NDEBUG /D _AFXEXT /D USER_SERVICE_DLL /D _UNICODE /D _WINDLL /D _UNICODE /D UNICODE /D _AFXDLL /Gm- /EHsc /MD /GS /fp:precise /Zc:wchar_t /Zc:forScope /Yu"stdafx.h" /Fp"Release_Unicode\用户服务.pch" /Fo"Release_Unicode\\" /Fd"Release_Unicode\vc110.pdb" /Gd /TP /analyze- /errorReport:prompt ClientUserManager.cpp GameLevelParser.cpp UserOrderParser.cpp UserService.cpp
         ClientUserManager.cpp
         GameLevelParser.cpp
     1>GameLevelParser.cpp(54): warning C4996: '_snwprintf': This function or variable may be unsafe. Consider using _snwprintf_s instead. To disable deprecation, use _CRT_SECURE_NO_WARNINGS. See online help for details.
                 C:\Program Files (x86)\Microsoft Visual Studio 11.0\VC\include\wchar.h(730) : 参见“_snwprintf”的声明
     1>GameLevelParser.cpp(63): warning C4996: '_snwprintf': This function or variable may be unsafe. Consider using _snwprintf_s instead. To disable deprecation, use _CRT_SECURE_NO_WARNINGS. See online help for details.
                 C:\Program Files (x86)\Microsoft Visual Studio 11.0\VC\include\wchar.h(730) : 参见“_snwprintf”的声明
     1>GameLevelParser.cpp(81): warning C4996: '_snwprintf': This function or variable may be unsafe. Consider using _snwprintf_s instead. To disable deprecation, use _CRT_SECURE_NO_WARNINGS. See online help for details.
                 C:\Program Files (x86)\Microsoft Visual Studio 11.0\VC\include\wchar.h(730) : 参见“_snwprintf”的声明
     1>GameLevelParser.cpp(111): warning C4996: '_snwprintf': This function or variable may be unsafe. Consider using _snwprintf_s instead. To disable deprecation, use _CRT_SECURE_NO_WARNINGS. See online help for details.
                 C:\Program Files (x86)\Microsoft Visual Studio 11.0\VC\include\wchar.h(730) : 参见“_snwprintf”的声明
         UserOrderParser.cpp
         UserService.cpp
         正在生成代码...
       ResourceCompile:
         C:\Program Files (x86)\Windows Kits\8.0\bin\x86\rc.exe /D NDEBUG /D _UNICODE /D UNICODE /D _AFXDLL /l"0x0804" /IRelease_Unicode\ /nologo /fo"Release_Unicode\UserService.res" UserService.rc 
     1>C:\Program Files (x86)\MSBuild\Microsoft.Cpp\v4.0\V110\Microsoft.CppBuild.targets(1137,5): warning MSB8012: TargetPath(D:\闲来服务器\系统模块\客户端组件\用户服务\Release_Unicode\用户服务.dll) does not match the Linker's OutputFile property value (D:\闲来服务器\运行\Release\Unicode\UserService.dll). This may cause your project to build incorrectly. To correct this, please make sure that $(OutDir), $(TargetName) and $(TargetExt) property values match the value specified in %(Link.OutputFile).
     1>C:\Program Files (x86)\MSBuild\Microsoft.Cpp\v4.0\V110\Microsoft.CppBuild.targets(1139,5): warning MSB8012: TargetName(用户服务) does not match the Linker's OutputFile property value (UserService). This may cause your project to build incorrectly. To correct this, please make sure that $(OutDir), $(TargetName) and $(TargetExt) property values match the value specified in %(Link.OutputFile).
       Link:
         C:\Program Files (x86)\Microsoft Visual Studio 11.0\VC\bin\link.exe /ERRORREPORT:PROMPT /OUT:"../../../运行/Release/Unicode/UserService.dll" /INCREMENTAL:NO /NOLOGO /DEF:".\UserService.def" /MANIFEST /MANIFESTUAC:"level='asInvoker' uiAccess='false'" /manifest:embed /manifestinput:"C:\Program Files (x86)\Microsoft Visual Studio 11.0\VC\Include\Manifest\dpiaware.manifest" /DEBUG /PDB:"Release_Unicode\用户服务.pdb" /SUBSYSTEM:WINDOWS /OPT:REF /OPT:ICF /TLBID:1 /DYNAMICBASE /NXCOMPAT /IMPLIB:"../../链接库/Unicode/UserService.lib" /MACHINE:X86 /SAFESEH /DLL Release_Unicode\UserService.res
         Release_Unicode\ClientUserManager.obj
         Release_Unicode\GameLevelParser.obj
         Release_Unicode\Stdafx.obj
         Release_Unicode\UserOrderParser.obj
         Release_Unicode\UserService.obj
         "D:\闲来服务器\系统模块\链接库\Unicode\PlatformData.lib"
     1>LINK : fatal error LNK1181: 无法打开输入文件“D:\闲来服务器\系统模块\链接库\Unicode\PlatformData.lib”
     1>已完成生成项目“D:\闲来服务器\系统模块\客户端组件\用户服务\UserService.vcxproj”(Build 个目标)的操作 - 失败。

生成失败。

已用时间 00:00:12.24
