生成启动时间为 2016/7/5 20:49:27。
     1>项目“D:\闲来服务器\系统模块\服务器组件\私人场服务\GamePrivateServer.vcxproj”在节点 5 上(Build 个目标)。
     1>ClCompile:
         C:\Program Files (x86)\Microsoft Visual Studio 11.0\VC\bin\CL.exe /c /Zi /nologo /W3 /WX- /O2 /Oy- /D WIN32 /D _WINDOWS /D NDEBUG /D _AFXEXT /D MATCH_SERVICE_DLL /D _UNICODE /D _WINDLL /D _UNICODE /D UNICODE /D _AFXDLL /Gm- /EHsc /MD /GS /fp:precise /Zc:wchar_t /Zc:forScope /Yc"stdafx.h" /Fp"Release_Unicode\私人场服务.pch" /Fo"Release_Unicode\\" /Fd"Release_Unicode\vc110.pdb" /Gd /TP /analyze- /errorReport:prompt Stdafx.cpp
         Stdafx.cpp
         C:\Program Files (x86)\Microsoft Visual Studio 11.0\VC\bin\CL.exe /c /Zi /nologo /W3 /WX- /O2 /Oy- /D WIN32 /D _WINDOWS /D NDEBUG /D _AFXEXT /D MATCH_SERVICE_DLL /D _UNICODE /D _WINDLL /D _UNICODE /D UNICODE /D _AFXDLL /Gm- /EHsc /MD /GS /fp:precise /Zc:wchar_t /Zc:forScope /Yu"stdafx.h" /Fp"Release_Unicode\私人场服务.pch" /Fo"Release_Unicode\\" /Fd"Release_Unicode\vc110.pdb" /Gd /TP /analyze- /errorReport:prompt FangKaHttpUnits.cpp GamePrivateServer.cpp PrivateGame.cpp PrivateServiceManager.cpp PrivateTableInfo.cpp CTableFramePrivate.cpp
         FangKaHttpUnits.cpp
     1>d:\闲来服务器\系统模块\服务器组件\私人场服务\restsdk/include/cpprest/http_client.h(46): fatal error C1083: 无法打开包括文件:“cpprest/xxpublic.h”: No such file or directory
         GamePrivateServer.cpp
         PrivateGame.cpp
         PrivateServiceManager.cpp
     1>PrivateServiceManager.cpp(10): warning C4273: “CPrivateServiceManager::CPrivateServiceManager”: dll 链接不一致
                 d:\闲来服务器\系统模块\服务器组件\私人场服务\PrivateServiceManager.h(29) : 参见“{ctor}”的前一个定义
     1>PrivateServiceManager.cpp(22): warning C4273: “CPrivateServiceManager::~CPrivateServiceManager”: dll 链接不一致
                 d:\闲来服务器\系统模块\服务器组件\私人场服务\PrivateServiceManager.h(31) : 参见“{dtor}”的前一个定义
     1>PrivateServiceManager.cpp(29): warning C4273: “CPrivateServiceManager::StopService”: dll 链接不一致
                 d:\闲来服务器\系统模块\服务器组件\私人场服务\PrivateServiceManager.h(43) : 参见“StopService”的前一个定义
     1>PrivateServiceManager.cpp(44): warning C4273: “CPrivateServiceManager::StartService”: dll 链接不一致
                 d:\闲来服务器\系统模块\服务器组件\私人场服务\PrivateServiceManager.h(45) : 参见“StartService”的前一个定义
     1>PrivateServiceManager.cpp(59): warning C4273: “CPrivateServiceManager::QueryInterface”: dll 链接不一致
                 d:\闲来服务器\系统模块\服务器组件\私人场服务\PrivateServiceManager.h(38) : 参见“QueryInterface”的前一个定义
     1>PrivateServiceManager.cpp(67): warning C4273: “CPrivateServiceManager::CreatePrivateMatch”: dll 链接不一致
                 d:\闲来服务器\系统模块\服务器组件\私人场服务\PrivateServiceManager.h(50) : 参见“CreatePrivateMatch”的前一个定义
     1>PrivateServiceManager.cpp(88): warning C4273: “CPrivateServiceManager::BindTableFrame”: dll 链接不一致
                 d:\闲来服务器\系统模块\服务器组件\私人场服务\PrivateServiceManager.h(52) : 参见“BindTableFrame”的前一个定义
     1>PrivateServiceManager.cpp(101): warning C4273: “CPrivateServiceManager::InitPrivateInterface”: dll 链接不一致
                 d:\闲来服务器\系统模块\服务器组件\私人场服务\PrivateServiceManager.h(54) : 参见“InitPrivateInterface”的前一个定义
     1>PrivateServiceManager.cpp(113): warning C4273: “CPrivateServiceManager::OnEventTimer”: dll 链接不一致
                 d:\闲来服务器\系统模块\服务器组件\私人场服务\PrivateServiceManager.h(59) : 参见“OnEventTimer”的前一个定义
     1>PrivateServiceManager.cpp(125): warning C4273: “CPrivateServiceManager::OnEventDataBase”: dll 链接不一致
                 d:\闲来服务器\系统模块\服务器组件\私人场服务\PrivateServiceManager.h(61) : 参见“OnEventDataBase”的前一个定义
     1>PrivateServiceManager.cpp(138): warning C4273: “CPrivateServiceManager::OnEventSocketPrivate”: dll 链接不一致
                 d:\闲来服务器\系统模块\服务器组件\私人场服务\PrivateServiceManager.h(66) : 参见“OnEventSocketPrivate”的前一个定义
     1>PrivateServiceManager.cpp(150): warning C4273: “CPrivateServiceManager::OnEventUserLogon”: dll 链接不一致
                 d:\闲来服务器\系统模块\服务器组件\私人场服务\PrivateServiceManager.h(71) : 参见“OnEventUserLogon”的前一个定义
     1>PrivateServiceManager.cpp(162): warning C4273: “CPrivateServiceManager::OnEventUserLogout”: dll 链接不一致
                 d:\闲来服务器\系统模块\服务器组件\私人场服务\PrivateServiceManager.h(73) : 参见“OnEventUserLogout”的前一个定义
     1>PrivateServiceManager.cpp(174): warning C4273: “CPrivateServiceManager::OnEventEnterPrivate”: dll 链接不一致
                 d:\闲来服务器\系统模块\服务器组件\私人场服务\PrivateServiceManager.h(75) : 参见“OnEventEnterPrivate”的前一个定义
     1>PrivateServiceManager.cpp(187): warning C4273: “CPrivateServiceManager::OnEventUserJoinPrivate”: dll 链接不一致
                 d:\闲来服务器\系统模块\服务器组件\私人场服务\PrivateServiceManager.h(77) : 参见“OnEventUserJoinPrivate”的前一个定义
     1>PrivateServiceManager.cpp(199): warning C4273: “CPrivateServiceManager::OnEventUserQuitPrivate”: dll 链接不一致
                 d:\闲来服务器\系统模块\服务器组件\私人场服务\PrivateServiceManager.h(79) : 参见“OnEventUserQuitPrivate”的前一个定义
     1>PrivateServiceManager.cpp(209): warning C4273: “CPrivateServiceManager::OnEventReqStandUP”: dll 链接不一致
                 d:\闲来服务器\系统模块\服务器组件\私人场服务\PrivateServiceManager.h(84) : 参见“OnEventReqStandUP”的前一个定义
     1>PrivateServiceManager.cpp(220): warning C4273: “CPrivateServiceManager::GetServerUserItemSink”: dll 链接不一致
                 d:\闲来服务器\系统模块\服务器组件\私人场服务\PrivateServiceManager.h(89) : 参见“GetServerUserItemSink”的前一个定义
         PrivateTableInfo.cpp
     1>PrivateTableInfo.cpp(79): error C2679: 二进制“=”: 没有找到接受“LPCTSTR”类型的右操作数的运算符(或没有可接受的转换)
                 C:\Program Files (x86)\Microsoft Visual Studio 11.0\VC\include\xstring(912): 可能是“std::basic_string<_Elem,_Traits,_Alloc> &std::basic_string<_Elem,_Traits,_Alloc>::operator =(std::basic_string<_Elem,_Traits,_Alloc> &&) throw()”
                 with
                 [
                     _Elem=char,
                     _Traits=std::char_traits<char>,
                     _Alloc=std::allocator<char>
                 ]
                 C:\Program Files (x86)\Microsoft Visual Studio 11.0\VC\include\xstring(969): 或       “std::basic_string<_Elem,_Traits,_Alloc> &std::basic_string<_Elem,_Traits,_Alloc>::operator =(const std::basic_string<_Elem,_Traits,_Alloc> &)”
                 with
                 [
                     _Elem=char,
                     _Traits=std::char_traits<char>,
                     _Alloc=std::allocator<char>
                 ]
                 C:\Program Files (x86)\Microsoft Visual Studio 11.0\VC\include\xstring(987): 或       “std::basic_string<_Elem,_Traits,_Alloc> &std::basic_string<_Elem,_Traits,_Alloc>::operator =(const _Elem *)”
                 with
                 [
                     _Elem=char,
                     _Traits=std::char_traits<char>,
                     _Alloc=std::allocator<char>
                 ]
                 C:\Program Files (x86)\Microsoft Visual Studio 11.0\VC\include\xstring(992): 或       “std::basic_string<_Elem,_Traits,_Alloc> &std::basic_string<_Elem,_Traits,_Alloc>::operator =(_Elem)”
                 with
                 [
                     _Elem=char,
                     _Traits=std::char_traits<char>,
                     _Alloc=std::allocator<char>
                 ]
                 尝试匹配参数列表“(std::basic_string<_Elem,_Traits,_Alloc>, LPCTSTR)”时
                 with
                 [
                     _Elem=char,
                     _Traits=std::char_traits<char>,
                     _Alloc=std::allocator<char>
                 ]
         CTableFramePrivate.cpp
         正在生成代码...
     1>已完成生成项目“D:\闲来服务器\系统模块\服务器组件\私人场服务\GamePrivateServer.vcxproj”(Build 个目标)的操作 - 失败。

生成失败。

已用时间 00:00:16.76
