生成启动时间为 2016/7/5 20:55:26。
     1>项目“D:\闲来服务器\系统模块\服务器组件\游戏服务\GameService.vcxproj”在节点 5 上(Build 个目标)。
     1>ClCompile:
         C:\Program Files (x86)\Microsoft Visual Studio 11.0\VC\bin\CL.exe /c /ZI /nologo /W3 /WX- /Od /Oy- /D WIN32 /D _WINDOWS /D _DEBUG /D _AFXEXT /D GAME_SERVICE_DLL /D _WINDLL /D _MBCS /D _AFXDLL /Gm /EHsc /RTC1 /MDd /GS /fp:precise /Zc:wchar_t /Zc:forScope /Yc"stdafx.h" /Fp"Debug\GameServiceD.pch" /Fo"Debug\\" /Fd"Debug\vc110.pdb" /Gd /TP /analyze- /errorReport:prompt Stdafx.cpp
         Stdafx.cpp
         C:\Program Files (x86)\Microsoft Visual Studio 11.0\VC\bin\CL.exe /c /ZI /nologo /W3 /WX- /Od /Oy- /D WIN32 /D _WINDOWS /D _DEBUG /D _AFXEXT /D GAME_SERVICE_DLL /D _WINDLL /D _MBCS /D _AFXDLL /Gm /EHsc /RTC1 /MDd /GS /fp:precise /Zc:wchar_t /Zc:forScope /Yu"stdafx.h" /Fp"Debug\GameServiceD.pch" /Fo"Debug\\" /Fd"Debug\vc110.pdb" /Gd /TP /analyze- /errorReport:prompt AndroidUserItem.cpp AndroidUserManager.cpp GamePropertyManager.cpp GameService.cpp ServerUserManager.cpp
         ServerUserManager.cpp
         GameService.cpp
         GamePropertyManager.cpp
         AndroidUserManager.cpp
         AndroidUserItem.cpp
         正在生成代码...
       ResourceCompile:
         C:\Program Files (x86)\Windows Kits\8.0\bin\x86\rc.exe /D _DEBUG /D _AFXDLL /l"0x0804" /IDebug\ /nologo /fo"Debug\GameService.res" GameService.rc 
       Link:
         C:\Program Files (x86)\Microsoft Visual Studio 11.0\VC\bin\link.exe /ERRORREPORT:PROMPT /OUT:"../../../运行/Debug/Ansi/GameServiceD.dll" /INCREMENTAL /NOLOGO /DEF:".\GameServiceD.def" /MANIFEST /MANIFESTUAC:"level='asInvoker' uiAccess='false'" /manifest:embed /manifestinput:"C:\Program Files (x86)\Microsoft Visual Studio 11.0\VC\Include\Manifest\dpiaware.manifest" /DEBUG /PDB:"../../../运行/Debug/Ansi/GameServiceD.pdb" /SUBSYSTEM:WINDOWS /TLBID:1 /DYNAMICBASE /NXCOMPAT /IMPLIB:"../../链接库/Ansi/GameServiceD.lib" /MACHINE:X86 /SAFESEH /DLL Debug\GameService.res
         Debug\AndroidUserItem.obj
         Debug\AndroidUserManager.obj
         Debug\GamePropertyManager.obj
         Debug\GameService.obj
         Debug\ServerUserManager.obj
         Debug\Stdafx.obj
         "D:\闲来服务器\系统模块\链接库\Ansi\ServiceCoreD.lib"
         "D:\闲来服务器\系统模块\链接库\Ansi\ShareControlD.lib"
     1>AndroidUserItem.obj : warning LNK4075: 忽略“/EDITANDCONTINUE”(由于“/SAFESEH”规范)
            正在创建库 ../../链接库/Ansi/GameServiceD.lib 和对象 ../../链接库/Ansi/GameServiceD.exp
         GameService.vcxproj -> D:\闲来服务器\系统模块\服务器组件\游戏服务\../../../运行/Debug/Ansi/GameServiceD.dll
       PostBuildEvent:
         mkdir ..\..\..\发布组件\服务器组件\Debug\Ansi
         copy /y ..\..\..\运行\Debug\Ansi\GameServiceD.dll ..\..\..\发布组件\服务器组件\Debug\Ansi\GameServiceD.dll
         
         :VCEnd
         子目录或文件 ..\..\..\发布组件\服务器组件\Debug\Ansi 已经存在。
         已复制         1 个文件。
     1>已完成生成项目“D:\闲来服务器\系统模块\服务器组件\游戏服务\GameService.vcxproj”(Build 个目标)的操作。

生成成功。

已用时间 00:00:15.17
