生成启动时间为 2016/7/5 20:53:07。
     1>项目“D:\闲来服务器\系统模块\服务器组件\内核引擎\KernelEngine.vcxproj”在节点 2 上(Build 个目标)。
     1>ClCompile:
         C:\Program Files (x86)\Microsoft Visual Studio 11.0\VC\bin\CL.exe /c /ZI /nologo /W3 /WX- /Od /Oy- /D WIN32 /D _WINDOWS /D _DEBUG /D _AFXEXT /D KERNEL_ENGINE_DLL /D _WINDLL /D _MBCS /D _AFXDLL /Gm /EHsc /RTC1 /MDd /GS /fp:precise /Zc:wchar_t /Zc:forScope /Yc"stdafx.h" /Fp"Debug\KernelEngineD.pch" /Fo"Debug\\" /Fd"Debug\vc110.pdb" /Gd /TP /analyze- /errorReport:prompt Stdafx.cpp
         Stdafx.cpp
         C:\Program Files (x86)\Microsoft Visual Studio 11.0\VC\bin\CL.exe /c /ZI /nologo /W3 /WX- /Od /Oy- /D WIN32 /D _WINDOWS /D _DEBUG /D _AFXEXT /D KERNEL_ENGINE_DLL /D _WINDLL /D _MBCS /D _AFXDLL /Gm /EHsc /RTC1 /MDd /GS /fp:precise /Zc:wchar_t /Zc:forScope /Fo"Debug\\" /Fd"Debug\vc110.pdb" /Gd /TP /analyze- /errorReport:prompt KernelEngine.cpp AttemperEngine.cpp TimerEngine.cpp QueueService.cpp DataBase.cpp DataBaseAide.cpp TCPNetworkEngine.cpp TCPSocketService.cpp TraceService.cpp AsynchronismEngine.cpp
         AsynchronismEngine.cpp
         TraceService.cpp
     1>d:\闲来服务器\系统模块\服务器组件\内核引擎\traceservice.cpp(149): warning C4996: '_snprintf': This function or variable may be unsafe. Consider using _snprintf_s instead. To disable deprecation, use _CRT_SECURE_NO_WARNINGS. See online help for details.
                 c:\program files (x86)\microsoft visual studio 11.0\vc\include\stdio.h(349) : 参见“_snprintf”的声明
     1>d:\闲来服务器\系统模块\服务器组件\内核引擎\traceservice.cpp(153): warning C4996: '_snprintf': This function or variable may be unsafe. Consider using _snprintf_s instead. To disable deprecation, use _CRT_SECURE_NO_WARNINGS. See online help for details.
                 c:\program files (x86)\microsoft visual studio 11.0\vc\include\stdio.h(349) : 参见“_snprintf”的声明
         TCPSocketService.cpp
         TCPNetworkEngine.cpp
         DataBaseAide.cpp
         DataBase.cpp
         QueueService.cpp
         TimerEngine.cpp
         AttemperEngine.cpp
         KernelEngine.cpp
         正在生成代码...
       ResourceCompile:
         C:\Program Files (x86)\Windows Kits\8.0\bin\x86\rc.exe /D _DEBUG /D _AFXDLL /l"0x0804" /IDebug\ /nologo /fo"Debug\KernelEngine.res" KernelEngine.rc 
       Link:
         C:\Program Files (x86)\Microsoft Visual Studio 11.0\VC\bin\link.exe /ERRORREPORT:PROMPT /OUT:"../../../运行/Debug/Ansi/KernelEngineD.dll" /INCREMENTAL /NOLOGO Ws2_32.lib "../../链接库/ansi/ServiceCoreD.lib" /DEF:".\KernelEngineD.def" /MANIFEST /MANIFESTUAC:"level='asInvoker' uiAccess='false'" /manifest:embed /manifestinput:"C:\Program Files (x86)\Microsoft Visual Studio 11.0\VC\Include\Manifest\dpiaware.manifest" /DEBUG /PDB:"../../../运行/Debug/Ansi/KernelEngineD.pdb" /SUBSYSTEM:WINDOWS /TLBID:1 /DYNAMICBASE /NXCOMPAT /IMPLIB:"../../链接库/Ansi/KernelEngineD.lib" /MACHINE:X86 /SAFESEH /DLL Debug\KernelEngine.res
         Debug\KernelEngine.obj
         Debug\AttemperEngine.obj
         Debug\TimerEngine.obj
         Debug\QueueService.obj
         Debug\DataBase.obj
         Debug\DataBaseAide.obj
         Debug\TCPNetworkEngine.obj
         Debug\TCPSocketService.obj
         Debug\TraceService.obj
         Debug\AsynchronismEngine.obj
         Debug\Stdafx.obj
     1>KernelEngine.obj : warning LNK4075: 忽略“/EDITANDCONTINUE”(由于“/SAFESEH”规范)
            正在创建库 ../../链接库/Ansi/KernelEngineD.lib 和对象 ../../链接库/Ansi/KernelEngineD.exp
         KernelEngine.vcxproj -> D:\闲来服务器\系统模块\服务器组件\内核引擎\../../../运行/Debug/Ansi/KernelEngineD.dll
       PostBuildEvent:
         mkdir ..\..\..\发布组件\客户端组件\Debug\Ansi
         copy /y ..\..\..\运行\Debug\Ansi\KernelEngineD.dll ..\..\..\发布组件\客户端组件\Debug\Ansi\KernelEngineD.dll
         
         :VCEnd
         子目录或文件 ..\..\..\发布组件\客户端组件\Debug\Ansi 已经存在。
         已复制         1 个文件。
     1>已完成生成项目“D:\闲来服务器\系统模块\服务器组件\内核引擎\KernelEngine.vcxproj”(Build 个目标)的操作。

生成成功。

已用时间 00:01:07.37
