生成启动时间为 2016/7/7 12:29:01。
     1>项目“D:\闲来服务器\系统模块\公共组件\进程控制\ProcessControl.vcxproj”在节点 3 上(Build 个目标)。
     1>ClCompile:
         C:\Program Files (x86)\Microsoft Visual Studio 11.0\VC\bin\CL.exe /c /ZI /nologo /W3 /WX- /Od /Oy- /D WIN32 /D _WINDOWS /D _DEBUG /D _AFXEXT /D PROCESS_CONTROL_DLL /D _UNICODE /D _WINDLL /D _UNICODE /D UNICODE /D _AFXDLL /Gm /EHsc /RTC1 /MDd /GS /fp:precise /Zc:wchar_t /Zc:forScope /Yc"stdafx.h" /Fp"Debug_Unicode\进程控制.pch" /Fo"Debug_Unicode\\" /Fd"Debug_Unicode\vc110.pdb" /Gd /TP /analyze- /errorReport:prompt Stdafx.cpp
         Stdafx.cpp
         C:\Program Files (x86)\Microsoft Visual Studio 11.0\VC\bin\CL.exe /c /ZI /nologo /W3 /WX- /Od /Oy- /D WIN32 /D _WINDOWS /D _DEBUG /D _AFXEXT /D PROCESS_CONTROL_DLL /D _UNICODE /D _WINDLL /D _UNICODE /D UNICODE /D _AFXDLL /Gm /EHsc /RTC1 /MDd /GS /fp:precise /Zc:wchar_t /Zc:forScope /Yu"stdafx.h" /Fp"Debug_Unicode\进程控制.pch" /Fo"Debug_Unicode\\" /Fd"Debug_Unicode\vc110.pdb" /Gd /TP /analyze- /errorReport:prompt ProcessControl.cpp ProcessControlDLL.cpp ProcessDataControl.cpp
         ProcessDataControl.cpp
         ProcessControlDLL.cpp
         ProcessControl.cpp
         正在生成代码...
       ResourceCompile:
         C:\Program Files (x86)\Windows Kits\8.0\bin\x86\rc.exe /D _DEBUG /D _UNICODE /D UNICODE /D _AFXDLL /l"0x0804" /IDebug_Unicode\ /nologo /fo"Debug_Unicode\ProcessControl.res" ProcessControl.rc 
     1>C:\Program Files (x86)\MSBuild\Microsoft.Cpp\v4.0\V110\Microsoft.CppBuild.targets(1137,5): warning MSB8012: TargetPath(D:\闲来服务器\系统模块\公共组件\进程控制\Debug_Unicode\进程控制.dll) does not match the Linker's OutputFile property value (D:\闲来服务器\运行\Debug\Unicode\ProcessControlD.dll). This may cause your project to build incorrectly. To correct this, please make sure that $(OutDir), $(TargetName) and $(TargetExt) property values match the value specified in %(Link.OutputFile).
     1>C:\Program Files (x86)\MSBuild\Microsoft.Cpp\v4.0\V110\Microsoft.CppBuild.targets(1139,5): warning MSB8012: TargetName(进程控制) does not match the Linker's OutputFile property value (ProcessControlD). This may cause your project to build incorrectly. To correct this, please make sure that $(OutDir), $(TargetName) and $(TargetExt) property values match the value specified in %(Link.OutputFile).
       Link:
         C:\Program Files (x86)\Microsoft Visual Studio 11.0\VC\bin\link.exe /ERRORREPORT:PROMPT /OUT:"../../../运行/Debug/Unicode/ProcessControlD.dll" /INCREMENTAL /NOLOGO /DEF:".\ProcessControlD.def" /MANIFEST /MANIFESTUAC:"level='asInvoker' uiAccess='false'" /manifest:embed /manifestinput:"C:\Program Files (x86)\Microsoft Visual Studio 11.0\VC\Include\Manifest\dpiaware.manifest" /DEBUG /PDB:"Debug_Unicode\进程控制.pdb" /SUBSYSTEM:WINDOWS /TLBID:1 /DYNAMICBASE /NXCOMPAT /IMPLIB:"../../链接库/Unicode/ProcessControlD.lib" /MACHINE:X86 /SAFESEH /DLL Debug_Unicode\ProcessControl.res
         Debug_Unicode\ProcessControl.obj
         Debug_Unicode\ProcessControlDLL.obj
         Debug_Unicode\ProcessDataControl.obj
         Debug_Unicode\Stdafx.obj
         "D:\闲来服务器\系统模块\链接库\Unicode\ServiceCoreD.lib"
     1>ProcessControl.obj : warning LNK4075: 忽略“/EDITANDCONTINUE”(由于“/SAFESEH”规范)
            正在创建库 ../../链接库/Unicode/ProcessControlD.lib 和对象 ../../链接库/Unicode/ProcessControlD.exp
         ProcessControl.vcxproj -> D:\闲来服务器\系统模块\公共组件\进程控制\Debug_Unicode\进程控制.dll
       PostBuildEvent:
         mkdir ..\..\..\发布组件\服务器组件\Debug\Unicode
         mkdir ..\..\..\发布组件\客户端组件\Debug\Unicode
         copy /y ..\..\..\运行\Debug\Unicode\进程控制.dll ..\..\..\发布组件\服务器组件\Debug\Unicode\进程控制.dll
         copy /y ..\..\..\运行\Debug\Unicode\进程控制.dll ..\..\..\发布组件\客户端组件\Debug\Unicode\进程控制.dll
         
         :VCEnd
         子目录或文件 ..\..\..\发布组件\服务器组件\Debug\Unicode 已经存在。
         子目录或文件 ..\..\..\发布组件\客户端组件\Debug\Unicode 已经存在。
         系统找不到指定的文件。
         系统找不到指定的文件。
     1>C:\Program Files (x86)\MSBuild\Microsoft.Cpp\v4.0\V110\Microsoft.CppCommon.targets(134,5): error MSB3073: 命令“mkdir ..\..\..\发布组件\服务器组件\Debug\Unicode
C:\Program Files (x86)\MSBuild\Microsoft.Cpp\v4.0\V110\Microsoft.CppCommon.targets(134,5): error MSB3073: mkdir ..\..\..\发布组件\客户端组件\Debug\Unicode
C:\Program Files (x86)\MSBuild\Microsoft.Cpp\v4.0\V110\Microsoft.CppCommon.targets(134,5): error MSB3073: copy /y ..\..\..\运行\Debug\Unicode\进程控制.dll ..\..\..\发布组件\服务器组件\Debug\Unicode\进程控制.dll
C:\Program Files (x86)\MSBuild\Microsoft.Cpp\v4.0\V110\Microsoft.CppCommon.targets(134,5): error MSB3073: copy /y ..\..\..\运行\Debug\Unicode\进程控制.dll ..\..\..\发布组件\客户端组件\Debug\Unicode\进程控制.dll
C:\Program Files (x86)\MSBuild\Microsoft.Cpp\v4.0\V110\Microsoft.CppCommon.targets(134,5): error MSB3073: 
C:\Program Files (x86)\MSBuild\Microsoft.Cpp\v4.0\V110\Microsoft.CppCommon.targets(134,5): error MSB3073: :VCEnd”已退出，代码为 1。
     1>已完成生成项目“D:\闲来服务器\系统模块\公共组件\进程控制\ProcessControl.vcxproj”(Build 个目标)的操作 - 失败。

生成失败。

已用时间 00:00:13.40
