G:\CODE\棋牌游戏\MAJIANG-MASTER\客户端组件\网络服务\RELEASE\WHSOCKET.PCH
G:\CODE\棋牌游戏\MAJIANG-MASTER\客户端组件\网络服务\RELEASE\STDAFX.OBJ
G:\CODE\棋牌游戏\MAJIANG-MASTER\客户端组件\网络服务\RELEASE\VC110.PDB
G:\CODE\棋牌游戏\MAJIANG-MASTER\客户端组件\网络服务\RELEASE\TCPSOCKET.OBJ
G:\CODE\棋牌游戏\MAJIANG-MASTER\客户端组件\网络服务\RELEASE\NETWORKSERVICE.OBJ
G:\CODE\棋牌游戏\运行\RELEASE\ANSI\WHSOCKET.DLL
G:\CODE\棋牌游戏\运行\RELEASE\ANSI\WHSOCKET.PDB
G:\CODE\棋牌游戏\MAJIANG-MASTER\客户端组件\网络服务\RELEASE\WHSOCKET.RES
G:\code\棋牌游戏\运行\Release\Ansi\WHSocket.lib
G:\code\棋牌游戏\运行\Release\Ansi\WHSocket.exp
G:\code\棋牌游戏\majiang-master\客户端组件\网络服务\Release\NetworkService.obj
G:\code\棋牌游戏\majiang-master\客户端组件\网络服务\Release\Stdafx.obj
G:\code\棋牌游戏\majiang-master\客户端组件\网络服务\Release\TCPSocket.obj
G:\code\棋牌游戏\majiang-master\客户端组件\网络服务\Release\cl.command.1.tlog
G:\code\棋牌游戏\majiang-master\客户端组件\网络服务\Release\CL.read.1.tlog
G:\code\棋牌游戏\majiang-master\客户端组件\网络服务\Release\CL.write.1.tlog
G:\code\棋牌游戏\majiang-master\客户端组件\网络服务\Release\link-cvtres.read.1.tlog
G:\code\棋牌游戏\majiang-master\客户端组件\网络服务\Release\link-cvtres.write.1.tlog
G:\code\棋牌游戏\majiang-master\客户端组件\网络服务\Release\link-mt.read.1.tlog
G:\code\棋牌游戏\majiang-master\客户端组件\网络服务\Release\link-mt.write.1.tlog
G:\code\棋牌游戏\majiang-master\客户端组件\网络服务\Release\link-rc.read.1.tlog
G:\code\棋牌游戏\majiang-master\客户端组件\网络服务\Release\link-rc.write.1.tlog
G:\code\棋牌游戏\majiang-master\客户端组件\网络服务\Release\link.command.1.tlog
G:\code\棋牌游戏\majiang-master\客户端组件\网络服务\Release\link.read.1.tlog
G:\code\棋牌游戏\majiang-master\客户端组件\网络服务\Release\link.write.1.tlog
G:\code\棋牌游戏\majiang-master\客户端组件\网络服务\Release\rc.command.1.tlog
G:\code\棋牌游戏\majiang-master\客户端组件\网络服务\Release\rc.read.1.tlog
G:\code\棋牌游戏\majiang-master\客户端组件\网络服务\Release\rc.write.1.tlog
G:\code\棋牌游戏\majiang-master\客户端组件\网络服务\Release\WHSocket.write.1.tlog
G:\code\棋牌游戏\majiang-master\客户端组件\网络服务\Release\WHSocket.res
G:\code\棋牌游戏\majiang-master\客户端组件\网络服务\Release\WHSocket.pch
G:\code\棋牌游戏\majiang-master\客户端组件\网络服务\Release\vc110.pdb
G:\code\棋牌游戏\majiang-master\客户端组件\网络服务\../../../运行/Release/Ansi/WHSocket.dll
