G:\CODE\棋牌游戏\MAJIANG-MASTER\服务器组件\内核引擎\RELEASE\KERNELENGINE.PCH
G:\CODE\棋牌游戏\MAJIANG-MASTER\服务器组件\内核引擎\RELEASE\STDAFX.OBJ
G:\CODE\棋牌游戏\MAJIANG-MASTER\服务器组件\内核引擎\RELEASE\VC110.PDB
G:\CODE\棋牌游戏\MAJIANG-MASTER\服务器组件\内核引擎\RELEASE\ASYNCHRONISMENGINE.OBJ
G:\CODE\棋牌游戏\MAJIANG-MASTER\服务器组件\内核引擎\RELEASE\TRACESERVICE.OBJ
G:\CODE\棋牌游戏\MAJIANG-MASTER\服务器组件\内核引擎\RELEASE\TCPSOCKETSERVICE.OBJ
G:\CODE\棋牌游戏\MAJIANG-MASTER\服务器组件\内核引擎\RELEASE\TCPNETWORKENGINE.OBJ
G:\CODE\棋牌游戏\MAJIANG-MASTER\服务器组件\内核引擎\RELEASE\DATABASEAIDE.OBJ
G:\CODE\棋牌游戏\MAJIANG-MASTER\服务器组件\内核引擎\RELEASE\DATABASE.OBJ
G:\CODE\棋牌游戏\MAJIANG-MASTER\服务器组件\内核引擎\RELEASE\QUEUESERVICE.OBJ
G:\CODE\棋牌游戏\MAJIANG-MASTER\服务器组件\内核引擎\RELEASE\TIMERENGINE.OBJ
G:\CODE\棋牌游戏\MAJIANG-MASTER\服务器组件\内核引擎\RELEASE\ATTEMPERENGINE.OBJ
G:\CODE\棋牌游戏\MAJIANG-MASTER\服务器组件\内核引擎\RELEASE\KERNELENGINE.OBJ
G:\CODE\棋牌游戏\运行\RELEASE\ANSI\KERNELENGINE.DLL
G:\CODE\棋牌游戏\运行\RELEASE\ANSI\KERNELENGINE.PDB
G:\CODE\棋牌游戏\MAJIANG-MASTER\服务器组件\内核引擎\RELEASE\KERNELENGINE.RES
G:\code\棋牌游戏\majiang-master\链接库\Ansi\KernelEngine.lib
G:\code\棋牌游戏\majiang-master\链接库\Ansi\KernelEngine.exp
G:\code\棋牌游戏\majiang-master\服务器组件\内核引擎\Release\AsynchronismEngine.obj
G:\code\棋牌游戏\majiang-master\服务器组件\内核引擎\Release\AttemperEngine.obj
G:\code\棋牌游戏\majiang-master\服务器组件\内核引擎\Release\DataBase.obj
G:\code\棋牌游戏\majiang-master\服务器组件\内核引擎\Release\DataBaseAide.obj
G:\code\棋牌游戏\majiang-master\服务器组件\内核引擎\Release\KernelEngine.obj
G:\code\棋牌游戏\majiang-master\服务器组件\内核引擎\Release\QueueService.obj
G:\code\棋牌游戏\majiang-master\服务器组件\内核引擎\Release\Stdafx.obj
G:\code\棋牌游戏\majiang-master\服务器组件\内核引擎\Release\TCPNetworkEngine.obj
G:\code\棋牌游戏\majiang-master\服务器组件\内核引擎\Release\TCPSocketService.obj
G:\code\棋牌游戏\majiang-master\服务器组件\内核引擎\Release\TimerEngine.obj
G:\code\棋牌游戏\majiang-master\服务器组件\内核引擎\Release\TraceService.obj
G:\code\棋牌游戏\majiang-master\服务器组件\内核引擎\Release\msado15.tli
G:\code\棋牌游戏\majiang-master\服务器组件\内核引擎\Release\msado15.tlh
G:\code\棋牌游戏\majiang-master\服务器组件\内核引擎\Release\cl.command.1.tlog
G:\code\棋牌游戏\majiang-master\服务器组件\内核引擎\Release\CL.read.1.tlog
G:\code\棋牌游戏\majiang-master\服务器组件\内核引擎\Release\CL.write.1.tlog
G:\code\棋牌游戏\majiang-master\服务器组件\内核引擎\Release\link-cvtres.read.1.tlog
G:\code\棋牌游戏\majiang-master\服务器组件\内核引擎\Release\link-cvtres.write.1.tlog
G:\code\棋牌游戏\majiang-master\服务器组件\内核引擎\Release\link-mt.read.1.tlog
G:\code\棋牌游戏\majiang-master\服务器组件\内核引擎\Release\link-mt.write.1.tlog
G:\code\棋牌游戏\majiang-master\服务器组件\内核引擎\Release\link-rc.read.1.tlog
G:\code\棋牌游戏\majiang-master\服务器组件\内核引擎\Release\link-rc.write.1.tlog
G:\code\棋牌游戏\majiang-master\服务器组件\内核引擎\Release\link.command.1.tlog
G:\code\棋牌游戏\majiang-master\服务器组件\内核引擎\Release\link.read.1.tlog
G:\code\棋牌游戏\majiang-master\服务器组件\内核引擎\Release\link.write.1.tlog
G:\code\棋牌游戏\majiang-master\服务器组件\内核引擎\Release\rc.command.1.tlog
G:\code\棋牌游戏\majiang-master\服务器组件\内核引擎\Release\rc.read.1.tlog
G:\code\棋牌游戏\majiang-master\服务器组件\内核引擎\Release\rc.write.1.tlog
G:\code\棋牌游戏\majiang-master\服务器组件\内核引擎\Release\内核引擎.write.1.tlog
G:\code\棋牌游戏\majiang-master\服务器组件\内核引擎\Release\KernelEngine.res
G:\code\棋牌游戏\majiang-master\服务器组件\内核引擎\Release\KernelEngine.pch
G:\code\棋牌游戏\majiang-master\服务器组件\内核引擎\Release\vc110.pdb
G:\code\棋牌游戏\majiang-master\服务器组件\内核引擎\../../../运行/Release/Ansi/KernelEngine.dll
