生成启动时间为 2016/7/21 17:54:16。
     1>项目“E:\闲来\闲来服务器\闲来服务器\系统模块\服务器组件\私人场服务\GamePrivateServer.vcxproj”在节点 4 上(Build 个目标)。
     1>ClCompile:
         C:\Program Files (x86)\Microsoft Visual Studio 11.0\VC\bin\CL.exe /c /Zi /nologo /W3 /WX- /O2 /Oy- /D WIN32 /D _WINDOWS /D NDEBUG /D _AFXEXT /D MATCH_SERVICE_DLL /D _UNICODE /D _WINDLL /D _UNICODE /D UNICODE /D _AFXDLL /Gm- /EHsc /MD /GS /fp:precise /Zc:wchar_t /Zc:forScope /Yu"stdafx.h" /Fp"Release_Unicode\私人场服务.pch" /Fo"Release_Unicode\\" /Fd"Release_Unicode\vc110.pdb" /Gd /TP /analyze- /errorReport:prompt FangKaHttpUnits.cpp PrivateTableInfo.cpp
         FangKaHttpUnits.cpp
     1>e:\闲来\闲来服务器\闲来服务器\系统模块\服务器组件\私人场服务\restsdk/include/cpprest/http_client.h(46): fatal error C1083: 无法打开包括文件:“cpprest/xxpublic.h”: No such file or directory
         PrivateTableInfo.cpp
     1>PrivateTableInfo.cpp(79): error C2679: 二进制“=”: 没有找到接受“LPCTSTR”类型的右操作数的运算符(或没有可接受的转换)
                 C:\Program Files (x86)\Microsoft Visual Studio 11.0\VC\include\xstring(912): 可能是“std::basic_string<_Elem,_Traits,_Alloc> &std::basic_string<_Elem,_Traits,_Alloc>::operator =(std::basic_string<_Elem,_Traits,_Alloc> &&) throw()”
                 with
                 [
                     _Elem=char,
                     _Traits=std::char_traits<char>,
                     _Alloc=std::allocator<char>
                 ]
                 C:\Program Files (x86)\Microsoft Visual Studio 11.0\VC\include\xstring(969): 或       “std::basic_string<_Elem,_Traits,_Alloc> &std::basic_string<_Elem,_Traits,_Alloc>::operator =(const std::basic_string<_Elem,_Traits,_Alloc> &)”
                 with
                 [
                     _Elem=char,
                     _Traits=std::char_traits<char>,
                     _Alloc=std::allocator<char>
                 ]
                 C:\Program Files (x86)\Microsoft Visual Studio 11.0\VC\include\xstring(987): 或       “std::basic_string<_Elem,_Traits,_Alloc> &std::basic_string<_Elem,_Traits,_Alloc>::operator =(const _Elem *)”
                 with
                 [
                     _Elem=char,
                     _Traits=std::char_traits<char>,
                     _Alloc=std::allocator<char>
                 ]
                 C:\Program Files (x86)\Microsoft Visual Studio 11.0\VC\include\xstring(992): 或       “std::basic_string<_Elem,_Traits,_Alloc> &std::basic_string<_Elem,_Traits,_Alloc>::operator =(_Elem)”
                 with
                 [
                     _Elem=char,
                     _Traits=std::char_traits<char>,
                     _Alloc=std::allocator<char>
                 ]
                 尝试匹配参数列表“(std::basic_string<_Elem,_Traits,_Alloc>, LPCTSTR)”时
                 with
                 [
                     _Elem=char,
                     _Traits=std::char_traits<char>,
                     _Alloc=std::allocator<char>
                 ]
         正在生成代码...
     1>已完成生成项目“E:\闲来\闲来服务器\闲来服务器\系统模块\服务器组件\私人场服务\GamePrivateServer.vcxproj”(Build 个目标)的操作 - 失败。

生成失败。

已用时间 00:00:00.75
