G:\CODE\棋牌游戏\MAJIANG-MASTER\服务器组件\模块管理\RELEASE\MODULEMANAGER.PCH
G:\CODE\棋牌游戏\MAJIANG-MASTER\服务器组件\模块管理\RELEASE\STDAFX.OBJ
G:\CODE\棋牌游戏\MAJIANG-MASTER\服务器组件\模块管理\RELEASE\VC110.PDB
G:\CODE\棋牌游戏\MAJIANG-MASTER\服务器组件\模块管理\RELEASE\SERVERLISTCONTROL.OBJ
G:\CODE\棋牌游戏\MAJIANG-MASTER\服务器组件\模块管理\RELEASE\SERVERINFOMANAGER.OBJ
G:\CODE\棋牌游戏\MAJIANG-MASTER\服务器组件\模块管理\RELEASE\SERVERCUSTOMRULE.OBJ
G:\CODE\棋牌游戏\MAJIANG-MASTER\服务器组件\模块管理\RELEASE\MODULEMANAGER.OBJ
G:\CODE\棋牌游戏\MAJIANG-MASTER\服务器组件\模块管理\RELEASE\MODULELISTCONTROL.OBJ
G:\CODE\棋牌游戏\MAJIANG-MASTER\服务器组件\模块管理\RELEASE\MODULEINFOMANAGER.OBJ
G:\CODE\棋牌游戏\MAJIANG-MASTER\服务器组件\模块管理\RELEASE\MODULEDBPARAMETER.OBJ
G:\CODE\棋牌游戏\MAJIANG-MASTER\服务器组件\模块管理\RELEASE\MATCHLISTCONTROL.OBJ
G:\CODE\棋牌游戏\MAJIANG-MASTER\服务器组件\模块管理\RELEASE\LISTCONTROL.OBJ
G:\CODE\棋牌游戏\MAJIANG-MASTER\服务器组件\模块管理\RELEASE\DLGSERVERWIZARD.OBJ
G:\CODE\棋牌游戏\MAJIANG-MASTER\服务器组件\模块管理\RELEASE\DLGSERVERMATCH.OBJ
G:\CODE\棋牌游戏\MAJIANG-MASTER\服务器组件\模块管理\RELEASE\DLGSERVERITEM.OBJ
G:\CODE\棋牌游戏\运行\RELEASE\ANSI\MODULEMANAGER.DLL
G:\CODE\棋牌游戏\运行\RELEASE\ANSI\MODULEMANAGER.PDB
G:\CODE\棋牌游戏\MAJIANG-MASTER\服务器组件\模块管理\RELEASE\MODULEMANAGER.RES
G:\code\棋牌游戏\majiang-master\链接库\Ansi\ModuleManager.lib
G:\code\棋牌游戏\majiang-master\链接库\Ansi\ModuleManager.exp
G:\code\棋牌游戏\majiang-master\服务器组件\模块管理\Release\DlgServerItem.obj
G:\code\棋牌游戏\majiang-master\服务器组件\模块管理\Release\DlgServerMatch.obj
G:\code\棋牌游戏\majiang-master\服务器组件\模块管理\Release\DlgServerWizard.obj
G:\code\棋牌游戏\majiang-master\服务器组件\模块管理\Release\ListControl.obj
G:\code\棋牌游戏\majiang-master\服务器组件\模块管理\Release\MatchListControl.obj
G:\code\棋牌游戏\majiang-master\服务器组件\模块管理\Release\ModuleDBParameter.obj
G:\code\棋牌游戏\majiang-master\服务器组件\模块管理\Release\ModuleInfoManager.obj
G:\code\棋牌游戏\majiang-master\服务器组件\模块管理\Release\ModuleListControl.obj
G:\code\棋牌游戏\majiang-master\服务器组件\模块管理\Release\ModuleManager.obj
G:\code\棋牌游戏\majiang-master\服务器组件\模块管理\Release\ServerCustomRule.obj
G:\code\棋牌游戏\majiang-master\服务器组件\模块管理\Release\ServerInfoManager.obj
G:\code\棋牌游戏\majiang-master\服务器组件\模块管理\Release\ServerListControl.obj
G:\code\棋牌游戏\majiang-master\服务器组件\模块管理\Release\Stdafx.obj
G:\code\棋牌游戏\majiang-master\服务器组件\模块管理\Release\msado15.tli
G:\code\棋牌游戏\majiang-master\服务器组件\模块管理\Release\msado15.tlh
G:\code\棋牌游戏\majiang-master\服务器组件\模块管理\Release\cl.command.1.tlog
G:\code\棋牌游戏\majiang-master\服务器组件\模块管理\Release\CL.read.1.tlog
G:\code\棋牌游戏\majiang-master\服务器组件\模块管理\Release\CL.write.1.tlog
G:\code\棋牌游戏\majiang-master\服务器组件\模块管理\Release\link-cvtres.read.1.tlog
G:\code\棋牌游戏\majiang-master\服务器组件\模块管理\Release\link-cvtres.write.1.tlog
G:\code\棋牌游戏\majiang-master\服务器组件\模块管理\Release\link-mt.read.1.tlog
G:\code\棋牌游戏\majiang-master\服务器组件\模块管理\Release\link-mt.write.1.tlog
G:\code\棋牌游戏\majiang-master\服务器组件\模块管理\Release\link-rc.read.1.tlog
G:\code\棋牌游戏\majiang-master\服务器组件\模块管理\Release\link-rc.write.1.tlog
G:\code\棋牌游戏\majiang-master\服务器组件\模块管理\Release\link.command.1.tlog
G:\code\棋牌游戏\majiang-master\服务器组件\模块管理\Release\link.read.1.tlog
G:\code\棋牌游戏\majiang-master\服务器组件\模块管理\Release\link.write.1.tlog
G:\code\棋牌游戏\majiang-master\服务器组件\模块管理\Release\rc.command.1.tlog
G:\code\棋牌游戏\majiang-master\服务器组件\模块管理\Release\rc.read.1.tlog
G:\code\棋牌游戏\majiang-master\服务器组件\模块管理\Release\rc.write.1.tlog
G:\code\棋牌游戏\majiang-master\服务器组件\模块管理\Release\模块管理.write.1.tlog
G:\code\棋牌游戏\majiang-master\服务器组件\模块管理\Release\ModuleManager.res
G:\code\棋牌游戏\majiang-master\服务器组件\模块管理\Release\ModuleManager.pch
G:\code\棋牌游戏\majiang-master\服务器组件\模块管理\Release\vc110.pdb
G:\code\棋牌游戏\majiang-master\服务器组件\模块管理\../../../运行/Release/Ansi/ModuleManager.dll
