G:\CODE\棋牌游戏\MAJIANG-MASTER\公共组件\服务核心\RELEASE\SERVICECORE.PCH
G:\CODE\棋牌游戏\MAJIANG-MASTER\公共组件\服务核心\RELEASE\STDAFX.OBJ
G:\CODE\棋牌游戏\MAJIANG-MASTER\公共组件\服务核心\RELEASE\VC110.PDB
G:\CODE\棋牌游戏\MAJIANG-MASTER\公共组件\服务核心\RELEASE\WHTHREAD.OBJ
G:\CODE\棋牌游戏\MAJIANG-MASTER\公共组件\服务核心\RELEASE\WHSERVICE.OBJ
G:\CODE\棋牌游戏\MAJIANG-MASTER\公共组件\服务核心\RELEASE\WHREGKEY.OBJ
G:\CODE\棋牌游戏\MAJIANG-MASTER\公共组件\服务核心\RELEASE\WHINIDATA.OBJ
G:\CODE\棋牌游戏\MAJIANG-MASTER\公共组件\服务核心\RELEASE\WHENCRYPT.OBJ
G:\CODE\棋牌游戏\MAJIANG-MASTER\公共组件\服务核心\RELEASE\WHDATAQUEUE.OBJ
G:\CODE\棋牌游戏\MAJIANG-MASTER\公共组件\服务核心\RELEASE\WHDATALOCKER.OBJ
G:\CODE\棋牌游戏\MAJIANG-MASTER\公共组件\服务核心\RELEASE\WHCOMMANDLINE.OBJ
G:\CODE\棋牌游戏\MAJIANG-MASTER\公共组件\服务核心\RELEASE\SERVICECORE.OBJ
G:\CODE\棋牌游戏\运行\RELEASE\ANSI\SERVICECORE.DLL
G:\CODE\棋牌游戏\运行\RELEASE\ANSI\SERVICECORE.PDB
G:\CODE\棋牌游戏\MAJIANG-MASTER\公共组件\服务核心\RELEASE\SERVICECORE.RES
G:\code\棋牌游戏\majiang-master\链接库\Ansi\ServiceCore.lib
G:\code\棋牌游戏\majiang-master\链接库\Ansi\ServiceCore.exp
G:\code\棋牌游戏\majiang-master\公共组件\服务核心\Release\ServiceCore.obj
G:\code\棋牌游戏\majiang-master\公共组件\服务核心\Release\Stdafx.obj
G:\code\棋牌游戏\majiang-master\公共组件\服务核心\Release\WHCommandLine.obj
G:\code\棋牌游戏\majiang-master\公共组件\服务核心\Release\WHDataLocker.obj
G:\code\棋牌游戏\majiang-master\公共组件\服务核心\Release\WHDataQueue.obj
G:\code\棋牌游戏\majiang-master\公共组件\服务核心\Release\WHEncrypt.obj
G:\code\棋牌游戏\majiang-master\公共组件\服务核心\Release\WHIniData.obj
G:\code\棋牌游戏\majiang-master\公共组件\服务核心\Release\WHRegKey.obj
G:\code\棋牌游戏\majiang-master\公共组件\服务核心\Release\WHService.obj
G:\code\棋牌游戏\majiang-master\公共组件\服务核心\Release\WHThread.obj
G:\code\棋牌游戏\majiang-master\公共组件\服务核心\Release\cl.command.1.tlog
G:\code\棋牌游戏\majiang-master\公共组件\服务核心\Release\CL.read.1.tlog
G:\code\棋牌游戏\majiang-master\公共组件\服务核心\Release\CL.write.1.tlog
G:\code\棋牌游戏\majiang-master\公共组件\服务核心\Release\link-cvtres.read.1.tlog
G:\code\棋牌游戏\majiang-master\公共组件\服务核心\Release\link-cvtres.write.1.tlog
G:\code\棋牌游戏\majiang-master\公共组件\服务核心\Release\link-mt.read.1.tlog
G:\code\棋牌游戏\majiang-master\公共组件\服务核心\Release\link-mt.write.1.tlog
G:\code\棋牌游戏\majiang-master\公共组件\服务核心\Release\link-rc.read.1.tlog
G:\code\棋牌游戏\majiang-master\公共组件\服务核心\Release\link-rc.write.1.tlog
G:\code\棋牌游戏\majiang-master\公共组件\服务核心\Release\link.command.1.tlog
G:\code\棋牌游戏\majiang-master\公共组件\服务核心\Release\link.read.1.tlog
G:\code\棋牌游戏\majiang-master\公共组件\服务核心\Release\link.write.1.tlog
G:\code\棋牌游戏\majiang-master\公共组件\服务核心\Release\rc.command.1.tlog
G:\code\棋牌游戏\majiang-master\公共组件\服务核心\Release\rc.read.1.tlog
G:\code\棋牌游戏\majiang-master\公共组件\服务核心\Release\rc.write.1.tlog
G:\code\棋牌游戏\majiang-master\公共组件\服务核心\Release\服务核心.write.1.tlog
G:\code\棋牌游戏\majiang-master\公共组件\服务核心\Release\ServiceCore.res
G:\code\棋牌游戏\majiang-master\公共组件\服务核心\Release\ServiceCore.pch
G:\code\棋牌游戏\majiang-master\公共组件\服务核心\Release\vc110.pdb
G:\code\棋牌游戏\majiang-master\公共组件\服务核心\../../../运行/Release/Ansi/ServiceCore.dll
