生成启动时间为 2016/7/5 20:54:06。
     1>项目“D:\闲来服务器\系统模块\服务器组件\协调服务器\Correspond.vcxproj”在节点 2 上(Build 个目标)。
     1>ClCompile:
         C:\Program Files (x86)\Microsoft Visual Studio 11.0\VC\bin\CL.exe /c /ZI /nologo /W3 /WX- /Od /Oy- /D WIN32 /D _WINDOWS /D _DEBUG /D _MBCS /D _AFXDLL /Gm /EHsc /RTC1 /MDd /GS /fp:precise /Zc:wchar_t /Zc:forScope /Yc"stdafx.h" /Fp"Debug\Correspond.pch" /Fo"Debug\\" /Fd"Debug\vc110.pdb" /Gd /TP /analyze- /errorReport:prompt Stdafx.cpp
         Stdafx.cpp
         C:\Program Files (x86)\Microsoft Visual Studio 11.0\VC\bin\CL.exe /c /ZI /nologo /W3 /WX- /Od /Oy- /D WIN32 /D _WINDOWS /D _DEBUG /D _MBCS /D _AFXDLL /Gm /EHsc /RTC1 /MDd /GS /fp:precise /Zc:wchar_t /Zc:forScope /Yu"stdafx.h" /Fp"Debug\Correspond.pch" /Fo"Debug\\" /Fd"Debug\vc110.pdb" /Gd /TP /analyze- /errorReport:prompt AttemperEngineSink.cpp CorrespondServer.cpp CorrespondServerDlg.cpp GlobalInfoManager.cpp InitParameter.cpp ServiceUnits.cpp
         ServiceUnits.cpp
     1>d:\闲来服务器\系统模块\全局定义\module.h(227): warning C4996: '_snprintf': This function or variable may be unsafe. Consider using _snprintf_s instead. To disable deprecation, use _CRT_SECURE_NO_WARNINGS. See online help for details.
                 c:\program files (x86)\microsoft visual studio 11.0\vc\include\stdio.h(349) : 参见“_snprintf”的声明
                 d:\闲来服务器\系统模块\全局定义\module.h(212): 编译类 模板 成员函数“bool CTempldateHelper<IModeluInterface>::CreateInstance(void)”时
                 with
                 [
                     IModeluInterface=ITimerEngine
                 ]
                 d:\闲来服务器\系统模块\服务器组件\协调服务器\serviceunits.cpp(85): 参见对正在编译的函数 模板 实例化“bool CTempldateHelper<IModeluInterface>::CreateInstance(void)”的引用
                 with
                 [
                     IModeluInterface=ITimerEngine
                 ]
                 c:\program files (x86)\microsoft visual studio 11.0\vc\include\utility(26): 参见对正在编译的函数 模板 实例化“void std::swap<char>(_Ty &,_Ty &)”的引用
                 with
                 [
                     _Ty=char
                 ]
                 c:\program files (x86)\microsoft visual studio 11.0\vc\include\xutility(3414): 参见对正在编译的函数 模板 实例化“void std::iter_swap<_RanIt,_RanIt>(_FwdIt1,_FwdIt2)”的引用
                 with
                 [
                     _RanIt=char *,
                     _FwdIt1=char *,
                     _FwdIt2=char *
                 ]
                 c:\program files (x86)\microsoft visual studio 11.0\vc\include\xutility(3428): 参见对正在编译的函数 模板 实例化“void std::_Rotate<_RanIt,std::iterator_traits<_Iter>::difference_type,char>(_RanIt,_RanIt,_RanIt,_Diff *,_Ty *)”的引用
                 with
                 [
                     _RanIt=char *,
                     _Iter=char *,
                     _Diff=std::iterator_traits<char *>::difference_type,
                     _Ty=char
                 ]
                 c:\program files (x86)\microsoft visual studio 11.0\vc\include\xutility(3438): 参见对正在编译的函数 模板 实例化“void std::_Rotate<_Iter>(_RanIt,_RanIt,_RanIt,std::random_access_iterator_tag)”的引用
                 with
                 [
                     _Iter=char *,
                     _RanIt=char *
                 ]
                 c:\program files (x86)\microsoft visual studio 11.0\vc\include\vector(1348): 参见对正在编译的函数 模板 实例化“_FwdIt std::rotate<char*>(_FwdIt,_FwdIt,_FwdIt)”的引用
                 with
                 [
                     _FwdIt=char *
                 ]
                 c:\program files (x86)\microsoft visual studio 11.0\vc\include\vector(1261): 参见对正在编译的函数 模板 实例化“void std::vector<_Ty>::_Insert<_Iter>(std::_Vector_const_iterator<_Myvec>,_Iter,_Iter,std::forward_iterator_tag)”的引用
                 with
                 [
                     _Ty=char,
                     _Iter=std::_Vector_iterator<std::_Vector_val<std::_Simple_types<char>>>,
                     _Myvec=std::_Vector_val<std::_Simple_types<char>>
                 ]
                 c:\program files (x86)\microsoft visual studio 11.0\vc\include\vector(1261): 参见对正在编译的函数 模板 实例化“void std::vector<_Ty>::_Insert<_Iter>(std::_Vector_const_iterator<_Myvec>,_Iter,_Iter,std::forward_iterator_tag)”的引用
                 with
                 [
                     _Ty=char,
                     _Iter=std::_Vector_iterator<std::_Vector_val<std::_Simple_types<char>>>,
                     _Myvec=std::_Vector_val<std::_Simple_types<char>>
                 ]
                 c:\program files (x86)\microsoft visual studio 11.0\vc\include\vector(1236): 参见对正在编译的函数 模板 实例化“std::_Vector_iterator<_Myvec> std::vector<_Ty>::insert<_Iter>(std::_Vector_const_iterator<_Myvec>,_Iter,_Iter)”的引用
                 with
                 [
                     _Myvec=std::_Vector_val<std::_Simple_types<char>>,
                     _Ty=char,
                     _Iter=std::_Vector_iterator<std::_Vector_val<std::_Simple_types<char>>>
                 ]
                 c:\program files (x86)\microsoft visual studio 11.0\vc\include\vector(1236): 参见对正在编译的函数 模板 实例化“std::_Vector_iterator<_Myvec> std::vector<_Ty>::insert<_Iter>(std::_Vector_const_iterator<_Myvec>,_Iter,_Iter)”的引用
                 with
                 [
                     _Myvec=std::_Vector_val<std::_Simple_types<char>>,
                     _Ty=char,
                     _Iter=std::_Vector_iterator<std::_Vector_val<std::_Simple_types<char>>>
                 ]
                 d:\闲来服务器\系统模块\全局定义\datastream.h(97): 参见对正在编译的函数 模板 实例化“void std::vector<_Ty>::assign<std::_Vector_iterator<_Myvec>>(_Iter,_Iter)”的引用
                 with
                 [
                     _Ty=char,
                     _Myvec=std::_Vector_val<std::_Simple_types<char>>,
                     _Iter=std::_Vector_iterator<std::_Vector_val<std::_Simple_types<char>>>
                 ]
                 d:\闲来服务器\系统模块\全局定义\datastream.h(97): 参见对正在编译的函数 模板 实例化“void std::vector<_Ty>::assign<std::_Vector_iterator<_Myvec>>(_Iter,_Iter)”的引用
                 with
                 [
                     _Ty=char,
                     _Myvec=std::_Vector_val<std::_Simple_types<char>>,
                     _Iter=std::_Vector_iterator<std::_Vector_val<std::_Simple_types<char>>>
                 ]
     1>d:\闲来服务器\系统模块\全局定义\module.h(235): warning C4996: '_snprintf': This function or variable may be unsafe. Consider using _snprintf_s instead. To disable deprecation, use _CRT_SECURE_NO_WARNINGS. See online help for details.
                 c:\program files (x86)\microsoft visual studio 11.0\vc\include\stdio.h(349) : 参见“_snprintf”的声明
     1>d:\闲来服务器\系统模块\全局定义\module.h(243): warning C4996: '_snprintf': This function or variable may be unsafe. Consider using _snprintf_s instead. To disable deprecation, use _CRT_SECURE_NO_WARNINGS. See online help for details.
                 c:\program files (x86)\microsoft visual studio 11.0\vc\include\stdio.h(349) : 参见“_snprintf”的声明
     1>d:\闲来服务器\系统模块\全局定义\module.h(249): warning C4996: '_snprintf': This function or variable may be unsafe. Consider using _snprintf_s instead. To disable deprecation, use _CRT_SECURE_NO_WARNINGS. See online help for details.
                 c:\program files (x86)\microsoft visual studio 11.0\vc\include\stdio.h(349) : 参见“_snprintf”的声明
     1>d:\闲来服务器\系统模块\全局定义\module.h(254): warning C4996: '_snprintf': This function or variable may be unsafe. Consider using _snprintf_s instead. To disable deprecation, use _CRT_SECURE_NO_WARNINGS. See online help for details.
                 c:\program files (x86)\microsoft visual studio 11.0\vc\include\stdio.h(349) : 参见“_snprintf”的声明
                 c:\program files (x86)\microsoft visual studio 11.0\vc\include\stdio.h(349) : 参见“_snprintf”的声明
                 c:\program files (x86)\microsoft visual studio 11.0\vc\include\stdio.h(349) : 参见“_snprintf”的声明
                 c:\program files (x86)\microsoft visual studio 11.0\vc\include\stdio.h(349) : 参见“_snprintf”的声明
                 c:\program files (x86)\microsoft visual studio 11.0\vc\include\stdio.h(349) : 参见“_snprintf”的声明
                 c:\program files (x86)\microsoft visual studio 11.0\vc\include\stdio.h(349) : 参见“_snprintf”的声明
                 c:\program files (x86)\microsoft visual studio 11.0\vc\include\stdio.h(349) : 参见“_snprintf”的声明
                 c:\program files (x86)\microsoft visual studio 11.0\vc\include\stdio.h(349) : 参见“_snprintf”的声明
                 c:\program files (x86)\microsoft visual studio 11.0\vc\include\stdio.h(349) : 参见“_snprintf”的声明
                 c:\program files (x86)\microsoft visual studio 11.0\vc\include\stdio.h(349) : 参见“_snprintf”的声明
                 c:\program files (x86)\microsoft visual studio 11.0\vc\include\stdio.h(349) : 参见“_snprintf”的声明
         InitParameter.cpp
     1>d:\闲来服务器\系统模块\服务器组件\协调服务器\initparameter.cpp(46): warning C4996: '_snprintf': This function or variable may be unsafe. Consider using _snprintf_s instead. To disable deprecation, use _CRT_SECURE_NO_WARNINGS. See online help for details.
                 c:\program files (x86)\microsoft visual studio 11.0\vc\include\stdio.h(349) : 参见“_snprintf”的声明
         GlobalInfoManager.cpp
     1>d:\闲来服务器\系统模块\服务器组件\协调服务器\globalinfomanager.cpp(310): warning C4996: '_tcslwr': This function or variable may be unsafe. Consider using _tcslwr_s instead. To disable deprecation, use _CRT_SECURE_NO_WARNINGS. See online help for details.
                 c:\program files (x86)\microsoft visual studio 11.0\vc\include\tchar.h(1885) : 参见“_tcslwr”的声明
         CorrespondServerDlg.cpp
         CorrespondServer.cpp
         AttemperEngineSink.cpp
     1>d:\闲来服务器\系统模块\服务器组件\协调服务器\attemperenginesink.cpp(663): warning C4996: '_tcslwr': This function or variable may be unsafe. Consider using _tcslwr_s instead. To disable deprecation, use _CRT_SECURE_NO_WARNINGS. See online help for details.
                 c:\program files (x86)\microsoft visual studio 11.0\vc\include\tchar.h(1885) : 参见“_tcslwr”的声明
         正在生成代码...
       ResourceCompile:
         C:\Program Files (x86)\Windows Kits\8.0\bin\x86\rc.exe /D _DEBUG /D _AFXDLL /l"0x0804" /IDebug\ /nologo /fo"Debug\Correspond.res" Correspond.rc 
       Link:
         C:\Program Files (x86)\Microsoft Visual Studio 11.0\VC\bin\link.exe /ERRORREPORT:PROMPT /OUT:"../../../运行/Debug/Ansi/Correspond.exe" /INCREMENTAL /NOLOGO /MANIFEST /MANIFESTUAC:"level='asInvoker' uiAccess='false'" /manifest:embed /manifestinput:"C:\Program Files (x86)\Microsoft Visual Studio 11.0\VC\Include\Manifest\dpiaware.manifest" /DEBUG /PDB:"../../../运行/Debug/Ansi/Correspond.pdb" /SUBSYSTEM:WINDOWS /TLBID:1 /DYNAMICBASE /NXCOMPAT /IMPLIB:"../../../运行/Debug/Ansi/Correspond.lib" /MACHINE:X86 /SAFESEH Debug\Correspond.res
         Debug\AttemperEngineSink.obj
         Debug\CorrespondServer.obj
         Debug\CorrespondServerDlg.obj
         Debug\GlobalInfoManager.obj
         Debug\InitParameter.obj
         Debug\ServiceUnits.obj
         Debug\Stdafx.obj
         "D:\闲来服务器\系统模块\链接库\Ansi\ServiceCoreD.lib"
         "D:\闲来服务器\系统模块\链接库\Ansi\PlatformDataD.lib"
     1>AttemperEngineSink.obj : warning LNK4075: 忽略“/EDITANDCONTINUE”(由于“/SAFESEH”规范)
         Correspond.vcxproj -> D:\闲来服务器\系统模块\服务器组件\协调服务器\../../../运行/Debug/Ansi/Correspond.exe
       PostBuildEvent:
         mkdir ..\..\..\发布组件\服务器组件\Debug\Ansi
         copy /y ..\..\..\运行\Debug\Ansi\Correspond.exe ..\..\..\发布组件\服务器组件\Debug\Ansi\Correspond.exe
         
         :VCEnd
         子目录或文件 ..\..\..\发布组件\服务器组件\Debug\Ansi 已经存在。
         已复制         1 个文件。
     1>已完成生成项目“D:\闲来服务器\系统模块\服务器组件\协调服务器\Correspond.vcxproj”(Build 个目标)的操作。

生成成功。

已用时间 00:00:11.50
